<?xml version="1.0" encoding="UTF-8"?>
<robot generator="Robot 7.0 (Python 3.12.3 on win32)" generated="2024-07-09T19:35:55.083352" rpa="false" schemaversion="5">
<suite id="s1" name="Features" source="C:\Users\CImazRayees\Documents\EPS\eps_regression\Tests\Features">
<suite id="s1-s1" name="09 Checkout-SignedIn" source="C:\Users\CImazRayees\Documents\EPS\eps_regression\Tests\Features\09_Checkout-SignedIn.robot">
<test id="s1-s1-t1" name="01-Signed User/Delivery Item/Visa Card" line="27">
<kw name="Run Keywords" owner="BuiltIn" type="SETUP">
<kw name="Open website" owner="CommonWeb">
<kw name="Set Test Variable" owner="BuiltIn">
<msg time="2024-07-09T19:35:55.695793" level="INFO">${run_on_LT} = no</msg>
<arg>${run_on_LT}</arg>
<arg>${run_on_LT}</arg>
<doc>Makes a variable available everywhere within the scope of the current test.</doc>
<status status="PASS" start="2024-07-09T19:35:55.695287" elapsed="0.000506"/>
</kw>
<kw name="Set Test Variable" owner="BuiltIn">
<msg time="2024-07-09T19:35:55.702307" level="INFO">${product} = DY</msg>
<arg>${product}</arg>
<arg>DY</arg>
<doc>Makes a variable available everywhere within the scope of the current test.</doc>
<status status="PASS" start="2024-07-09T19:35:55.695793" elapsed="0.006514"/>
</kw>
<kw name="Set Test Variable" owner="BuiltIn">
<msg time="2024-07-09T19:35:55.703309" level="INFO">${device} = chrome</msg>
<arg>${device}</arg>
<arg>${device}</arg>
<doc>Makes a variable available everywhere within the scope of the current test.</doc>
<status status="PASS" start="2024-07-09T19:35:55.702307" elapsed="0.001002"/>
</kw>
<kw name="Set Test Variable" owner="BuiltIn">
<msg time="2024-07-09T19:35:55.710818" level="INFO">${product_added} = 0</msg>
<arg>${product_added}</arg>
<arg>0</arg>
<doc>Makes a variable available everywhere within the scope of the current test.</doc>
<status status="PASS" start="2024-07-09T19:35:55.703309" elapsed="0.007509"/>
</kw>
<kw name="Set Test Variable" owner="BuiltIn">
<msg time="2024-07-09T19:35:55.732350" level="INFO">${available} = Not define</msg>
<arg>${available}</arg>
<arg>Not define</arg>
<doc>Makes a variable available everywhere within the scope of the current test.</doc>
<status status="PASS" start="2024-07-09T19:35:55.710818" elapsed="0.021532"/>
</kw>
<kw name="Set Test Variable" owner="BuiltIn">
<msg time="2024-07-09T19:35:55.733349" level="INFO">${shopLocale} = US</msg>
<arg>${shopLocale}</arg>
<arg>${shopLocale}</arg>
<doc>Makes a variable available everywhere within the scope of the current test.</doc>
<status status="PASS" start="2024-07-09T19:35:55.733349" elapsed="0.000000"/>
</kw>
<kw name="Set Library Search Order" owner="BuiltIn">
<arg>SeleniumLibrary</arg>
<doc>Sets the resolution order to use when a name matches multiple keywords.</doc>
<status status="PASS" start="2024-07-09T19:35:55.733349" elapsed="0.000000"/>
</kw>
<kw name="Set Test Variable" owner="BuiltIn">
<msg time="2024-07-09T19:35:55.739858" level="INFO">${URL} = https://dytest:TwistedCable23@uat-employeepurchase.davidyurman.com/</msg>
<arg>${URL}</arg>
<arg>${EPS_URL}</arg>
<doc>Makes a variable available everywhere within the scope of the current test.</doc>
<status status="PASS" start="2024-07-09T19:35:55.733349" elapsed="0.006509"/>
</kw>
<kw name="Run Keyword If" owner="BuiltIn">
<arg>'${run_on_LT}' == 'yes'</arg>
<arg>Open Lamda Test browser</arg>
<doc>Runs the given keyword with the given arguments, if ``condition`` is true.</doc>
<status status="PASS" start="2024-07-09T19:35:55.740860" elapsed="0.000000"/>
</kw>
<kw name="Run Keyword If" owner="BuiltIn">
<kw name="Open Browser" owner="SeleniumLibrary">
<msg time="2024-07-09T19:35:55.740860" level="INFO">Opening browser 'chrome' to base url 'https://dytest:TwistedCable23@uat-employeepurchase.davidyurman.com/'.</msg>
<arg>${EPS_URL}</arg>
<arg>${device}</arg>
<arg>options=add_argument("--ignore-certificate-errors")</arg>
<doc>Opens a new browser instance to the optional ``url``.</doc>
<status status="PASS" start="2024-07-09T19:35:55.740860" elapsed="13.662873"/>
</kw>
<arg>'${run_on_LT}' == 'no'</arg>
<arg>Open Browser</arg>
<arg>${EPS_URL}</arg>
<arg>${device}</arg>
<arg>options=add_argument("--ignore-certificate-errors")</arg>
<doc>Runs the given keyword with the given arguments, if ``condition`` is true.</doc>
<status status="PASS" start="2024-07-09T19:35:55.740860" elapsed="13.662873"/>
</kw>
<kw name="Set Selenium Implicit Wait" owner="SeleniumLibrary">
<arg>10 second</arg>
<doc>Sets the implicit wait value used by Selenium.</doc>
<status status="PASS" start="2024-07-09T19:36:09.403733" elapsed="0.002125"/>
</kw>
<kw name="Maximize Browser Window" owner="SeleniumLibrary">
<doc>Maximizes current browser window.</doc>
<status status="PASS" start="2024-07-09T19:36:09.406875" elapsed="0.040560"/>
</kw>
<kw name="Accept Cookies" owner="CommonWeb">
<kw name="Run Keyword And Warn On Failure" owner="BuiltIn">
<kw name="Wait Until Page Contains Element" owner="SeleniumLibrary">
<arg>${cookies_accept}</arg>
<arg>timeout=20s</arg>
<doc>Waits until the element ``locator`` appears on the current page.</doc>
<status status="PASS" start="2024-07-09T19:36:09.448438" elapsed="4.822032"/>
</kw>
<arg>Wait until page contains element</arg>
<arg>${cookies_accept}</arg>
<arg>timeout=20s</arg>
<doc>Runs the specified keyword logs a warning if the keyword fails.</doc>
<status status="PASS" start="2024-07-09T19:36:09.448438" elapsed="4.822032"/>
</kw>
<kw name="Run Keyword And Warn On Failure" owner="BuiltIn">
<kw name="Wait Until Element Is Visible" owner="SeleniumLibrary">
<arg>${cookies_accept}</arg>
<arg>timeout=20s</arg>
<doc>Waits until the element ``locator`` is visible.</doc>
<status status="PASS" start="2024-07-09T19:36:14.271469" elapsed="0.013558"/>
</kw>
<arg>Wait until element is visible</arg>
<arg>${cookies_accept}</arg>
<arg>timeout=20s</arg>
<doc>Runs the specified keyword logs a warning if the keyword fails.</doc>
<status status="PASS" start="2024-07-09T19:36:14.270470" elapsed="0.014557"/>
</kw>
<kw name="Sleep" owner="BuiltIn">
<msg time="2024-07-09T19:36:19.286324" level="INFO">Slept 5 seconds.</msg>
<arg>5s</arg>
<doc>Pauses the test executed for the given time.</doc>
<status status="PASS" start="2024-07-09T19:36:14.286056" elapsed="5.000268"/>
</kw>
<kw name="Run Keyword If" owner="BuiltIn">
<kw name="Run Keyword" owner="BuiltIn">
<kw name="No Operation" owner="BuiltIn">
<doc>Does absolutely nothing.</doc>
<status status="PASS" start="2024-07-09T19:36:19.286324" elapsed="0.000000"/>
</kw>
<arg>No Operation</arg>
<doc>Executes the given keyword with the given arguments.</doc>
<status status="PASS" start="2024-07-09T19:36:19.286324" elapsed="0.000000"/>
</kw>
<arg>not ${cookies_closed}</arg>
<arg>Run Keyword</arg>
<arg>No Operation</arg>
<doc>Runs the given keyword with the given arguments, if ``condition`` is true.</doc>
<status status="PASS" start="2024-07-09T19:36:19.286324" elapsed="0.000000"/>
</kw>
<kw name="Run Keyword And Return Status" owner="BuiltIn">
<kw name="Wait Until Element Is Visible" owner="SeleniumLibrary">
<arg>${cookies_accept}</arg>
<arg>timeout=3s</arg>
<doc>Waits until the element ``locator`` is visible.</doc>
<status status="PASS" start="2024-07-09T19:36:19.287885" elapsed="0.035034"/>
</kw>
<msg time="2024-07-09T19:36:19.322919" level="INFO">${cookies_true} = True</msg>
<var>${cookies_true}</var>
<arg>Wait Until Element Is Visible</arg>
<arg>${cookies_accept}</arg>
<arg>timeout=3s</arg>
<doc>Runs the given keyword with given arguments and returns the status as a Boolean value.</doc>
<status status="PASS" start="2024-07-09T19:36:19.286324" elapsed="0.036595"/>
</kw>
<kw name="Run Keyword If" owner="BuiltIn">
<kw name="Click by JS" owner="CommonWeb">
<kw name="Get WebElement" owner="SeleniumLibrary">
<msg time="2024-07-09T19:36:19.330430" level="INFO">${element} = &lt;selenium.webdriver.remote.webelement.WebElement (session="7a4f38adf4b48cd5bb6a93f7e2659332", element="f.D826EC2D947E1E340AB2F3862C489CEF.d.C304E20BA0808DACF04050A52EBD659C.e.76")&gt;</msg>
<var>${element}</var>
<arg>${locator}</arg>
<doc>Returns the first WebElement matching the given ``locator``.</doc>
<status status="PASS" start="2024-07-09T19:36:19.323916" elapsed="0.006514"/>
</kw>
<kw name="Execute Javascript" owner="SeleniumLibrary">
<msg time="2024-07-09T19:36:19.331455" level="INFO">Executing JavaScript:
arguments[0].click();
By using argument:
'&lt;selenium.webdriver.remote.webelement.WebElement (session="7a4f38adf4b48cd5bb6a93f7e2659332", element="f.D826EC2D947E1E340AB2F3862C489CEF.d.C304E20BA0808DACF04050A52EBD659C.e.76")&gt;'</msg>
<arg>arguments[0].click();</arg>
<arg>ARGUMENTS</arg>
<arg>${element}</arg>
<doc>Executes the given JavaScript code with possible arguments.</doc>
<status status="PASS" start="2024-07-09T19:36:19.331455" elapsed="0.020572"/>
</kw>
<arg>${cookies_accept}</arg>
<status status="PASS" start="2024-07-09T19:36:19.323916" elapsed="0.028111"/>
</kw>
<arg>${cookies_true}</arg>
<arg>Click by JS</arg>
<arg>${cookies_accept}</arg>
<doc>Runs the given keyword with the given arguments, if ``condition`` is true.</doc>
<status status="PASS" start="2024-07-09T19:36:19.322919" elapsed="0.029108"/>
</kw>
<kw name="Set Global Variable" owner="BuiltIn">
<msg time="2024-07-09T19:36:19.353028" level="INFO">${cookies_closed} = True</msg>
<arg>${cookies_closed}</arg>
<arg>${True}</arg>
<doc>Makes a variable available globally in all tests and suites.</doc>
<status status="PASS" start="2024-07-09T19:36:19.353028" elapsed="0.000000"/>
</kw>
<status status="PASS" start="2024-07-09T19:36:09.447435" elapsed="9.905593"/>
</kw>
<status status="PASS" start="2024-07-09T19:35:55.695287" elapsed="23.657741"/>
</kw>
<kw name="Read Data From JSON File" owner="DataReader">
<if>
<branch type="IF" condition="'${shopLocale}' in ['US']">
<kw name="Load Json From File" owner="JSONLibrary">
<msg time="2024-07-09T19:36:19.357006" level="INFO">${file} = {'Country': 'United States', 'Currency': '$', 'Default_Delivery_Method': '2-day', 'Delivery_product': '712161879653', 'Delivery_productSize': '22 IN', 'Delivery_product_2': '192740692130', 'Delivery_p...</msg>
<var>${file}</var>
<arg>Resources/DataFiles/USData.json</arg>
<doc>Load JSON from file.</doc>
<status status="PASS" start="2024-07-09T19:36:19.354994" elapsed="0.002012"/>
</kw>
<status status="PASS" start="2024-07-09T19:36:19.354994" elapsed="0.002012"/>
</branch>
<branch type="ELSE IF" condition="'${shopLocale}' in ['CN']">
<kw name="Load Json From File" owner="JSONLibrary">
<var>${file}</var>
<arg>Resources/DataFiles/CNData.json</arg>
<doc>Load JSON from file.</doc>
<status status="NOT RUN" start="2024-07-09T19:36:19.357006" elapsed="0.000000"/>
</kw>
<status status="NOT RUN" start="2024-07-09T19:36:19.357006" elapsed="0.000000"/>
</branch>
<branch type="ELSE IF" condition="'${shopLocale}' in ['UK']">
<kw name="Load Json From File" owner="JSONLibrary">
<var>${file}</var>
<arg>Resources/DataFiles/UKData.json</arg>
<doc>Load JSON from file.</doc>
<status status="NOT RUN" start="2024-07-09T19:36:19.357006" elapsed="0.000000"/>
</kw>
<status status="NOT RUN" start="2024-07-09T19:36:19.357006" elapsed="0.000000"/>
</branch>
<branch type="ELSE IF" condition="'${shopLocale}' in ['FR']">
<kw name="Load Json From File" owner="JSONLibrary">
<var>${file}</var>
<arg>Resources/DataFiles/FRData.json</arg>
<doc>Load JSON from file.</doc>
<status status="NOT RUN" start="2024-07-09T19:36:19.357006" elapsed="0.000988"/>
</kw>
<status status="NOT RUN" start="2024-07-09T19:36:19.357006" elapsed="0.000988"/>
</branch>
<branch type="ELSE IF" condition="'${shopLocale}' in ['GR']">
<kw name="Load Json From File" owner="JSONLibrary">
<var>${file}</var>
<arg>Resources/DataFiles/GRData.json</arg>
<doc>Load JSON from file.</doc>
<status status="NOT RUN" start="2024-07-09T19:36:19.357994" elapsed="0.000000"/>
</kw>
<status status="NOT RUN" start="2024-07-09T19:36:19.357994" elapsed="0.000000"/>
</branch>
<branch type="ELSE IF" condition="'${shopLocale}' in ['IT']">
<kw name="Load Json From File" owner="JSONLibrary">
<var>${file}</var>
<arg>Resources/DataFiles/ITData.json</arg>
<doc>Load JSON from file.</doc>
<status status="NOT RUN" start="2024-07-09T19:36:19.357994" elapsed="0.000000"/>
</kw>
<status status="NOT RUN" start="2024-07-09T19:36:19.357994" elapsed="0.000000"/>
</branch>
<status status="PASS" start="2024-07-09T19:36:19.354994" elapsed="0.003000"/>
</if>
<kw name="Get Value From Json" owner="JSONLibrary">
<msg time="2024-07-09T19:36:19.378174" level="INFO">${Country} = ['United States']</msg>
<var>${Country}</var>
<arg>${file}</arg>
<arg>$.Country</arg>
<doc>Get Value From JSON using JSONPath</doc>
<status status="PASS" start="2024-07-09T19:36:19.357994" elapsed="0.020180"/>
</kw>
<kw name="Convert To String" owner="BuiltIn">
<msg time="2024-07-09T19:36:19.378174" level="INFO">${Country} = ['United States']</msg>
<var>${Country}</var>
<arg>${Country}</arg>
<doc>Converts the given item to a Unicode string.</doc>
<status status="PASS" start="2024-07-09T19:36:19.378174" elapsed="0.000000"/>
</kw>
<kw name="Get Clear DATA" owner="DataReader">
<kw name="Remove String" owner="String">
<msg time="2024-07-09T19:36:19.379182" level="INFO">${clean_data} = 'United States']</msg>
<var>${clean_data}</var>
<arg>${data}</arg>
<arg>[</arg>
<doc>Removes all ``removables`` from the given ``string``.</doc>
<status status="PASS" start="2024-07-09T19:36:19.379182" elapsed="0.000000"/>
</kw>
<kw name="Remove String" owner="String">
<msg time="2024-07-09T19:36:19.380175" level="INFO">${clean_data} = 'United States'</msg>
<var>${clean_data}</var>
<arg>${clean_data}</arg>
<arg>]</arg>
<doc>Removes all ``removables`` from the given ``string``.</doc>
<status status="PASS" start="2024-07-09T19:36:19.379182" elapsed="0.000993"/>
</kw>
<kw name="Remove String" owner="String">
<msg time="2024-07-09T19:36:19.380175" level="INFO">${clean_data} = United States</msg>
<var>${clean_data}</var>
<arg>${clean_data}</arg>
<arg>'</arg>
<doc>Removes all ``removables`` from the given ``string``.</doc>
<status status="PASS" start="2024-07-09T19:36:19.380175" elapsed="0.000000"/>
</kw>
<return>
<value>${clean_data}</value>
<status status="PASS" start="2024-07-09T19:36:19.380175" elapsed="0.000000"/>
</return>
<msg time="2024-07-09T19:36:19.380175" level="INFO">${Country} = United States</msg>
<var>${Country}</var>
<arg>${Country}</arg>
<status status="PASS" start="2024-07-09T19:36:19.379182" elapsed="0.000993"/>
</kw>
<kw name="Set Test Variable" owner="BuiltIn">
<msg time="2024-07-09T19:36:19.380175" level="INFO">${Country} = United States</msg>
<msg time="2024-07-09T19:36:19.380175" level="INFO">${Country} = None</msg>
<var>${Country}</var>
<arg>${Country}</arg>
<doc>Makes a variable available everywhere within the scope of the current test.</doc>
<status status="PASS" start="2024-07-09T19:36:19.380175" elapsed="0.000000"/>
</kw>
<kw name="Get Value From Json" owner="JSONLibrary">
<msg time="2024-07-09T19:36:19.405530" level="INFO">${Currency} = ['$']</msg>
<var>${Currency}</var>
<arg>${file}</arg>
<arg>$.Currency</arg>
<doc>Get Value From JSON using JSONPath</doc>
<status status="PASS" start="2024-07-09T19:36:19.381174" elapsed="0.024356"/>
</kw>
<kw name="Convert To String" owner="BuiltIn">
<msg time="2024-07-09T19:36:19.406584" level="INFO">${Currency} = ['$']</msg>
<var>${Currency}</var>
<arg>${Currency}</arg>
<doc>Converts the given item to a Unicode string.</doc>
<status status="PASS" start="2024-07-09T19:36:19.406584" elapsed="0.000000"/>
</kw>
<kw name="Get Clear DATA" owner="DataReader">
<kw name="Remove String" owner="String">
<msg time="2024-07-09T19:36:19.408011" level="INFO">${clean_data} = '$']</msg>
<var>${clean_data}</var>
<arg>${data}</arg>
<arg>[</arg>
<doc>Removes all ``removables`` from the given ``string``.</doc>
<status status="PASS" start="2024-07-09T19:36:19.408011" elapsed="0.000000"/>
</kw>
<kw name="Remove String" owner="String">
<msg time="2024-07-09T19:36:19.409021" level="INFO">${clean_data} = '$'</msg>
<var>${clean_data}</var>
<arg>${clean_data}</arg>
<arg>]</arg>
<doc>Removes all ``removables`` from the given ``string``.</doc>
<status status="PASS" start="2024-07-09T19:36:19.408011" elapsed="0.001010"/>
</kw>
<kw name="Remove String" owner="String">
<msg time="2024-07-09T19:36:19.409021" level="INFO">${clean_data} = $</msg>
<var>${clean_data}</var>
<arg>${clean_data}</arg>
<arg>'</arg>
<doc>Removes all ``removables`` from the given ``string``.</doc>
<status status="PASS" start="2024-07-09T19:36:19.409021" elapsed="0.000000"/>
</kw>
<return>
<value>${clean_data}</value>
<status status="PASS" start="2024-07-09T19:36:19.409021" elapsed="0.000000"/>
</return>
<msg time="2024-07-09T19:36:19.409021" level="INFO">${Currency} = $</msg>
<var>${Currency}</var>
<arg>${Currency}</arg>
<status status="PASS" start="2024-07-09T19:36:19.406584" elapsed="0.002437"/>
</kw>
<kw name="Set Test Variable" owner="BuiltIn">
<msg time="2024-07-09T19:36:19.410020" level="INFO">${Currency} = $</msg>
<msg time="2024-07-09T19:36:19.410020" level="INFO">${Currency} = None</msg>
<var>${Currency}</var>
<arg>${Currency}</arg>
<doc>Makes a variable available everywhere within the scope of the current test.</doc>
<status status="PASS" start="2024-07-09T19:36:19.410020" elapsed="0.000000"/>
</kw>
<kw name="Get Value From Json" owner="JSONLibrary">
<msg time="2024-07-09T19:36:19.428701" level="INFO">${Default_Delivery_Method} = ['2-day']</msg>
<var>${Default_Delivery_Method}</var>
<arg>${file}</arg>
<arg>$.Default_Delivery_Method</arg>
<doc>Get Value From JSON using JSONPath</doc>
<status status="PASS" start="2024-07-09T19:36:19.410020" elapsed="0.018681"/>
</kw>
<kw name="Convert To String" owner="BuiltIn">
<msg time="2024-07-09T19:36:19.429697" level="INFO">${Default_Delivery_Method} = ['2-day']</msg>
<var>${Default_Delivery_Method}</var>
<arg>${Default_Delivery_Method}</arg>
<doc>Converts the given item to a Unicode string.</doc>
<status status="PASS" start="2024-07-09T19:36:19.428701" elapsed="0.000996"/>
</kw>
<kw name="Get Clear DATA" owner="DataReader">
<kw name="Remove String" owner="String">
<msg time="2024-07-09T19:36:19.430644" level="INFO">${clean_data} = '2-day']</msg>
<var>${clean_data}</var>
<arg>${data}</arg>
<arg>[</arg>
<doc>Removes all ``removables`` from the given ``string``.</doc>
<status status="PASS" start="2024-07-09T19:36:19.430644" elapsed="0.000000"/>
</kw>
<kw name="Remove String" owner="String">
<msg time="2024-07-09T19:36:19.431661" level="INFO">${clean_data} = '2-day'</msg>
<var>${clean_data}</var>
<arg>${clean_data}</arg>
<arg>]</arg>
<doc>Removes all ``removables`` from the given ``string``.</doc>
<status status="PASS" start="2024-07-09T19:36:19.430644" elapsed="0.001017"/>
</kw>
<kw name="Remove String" owner="String">
<msg time="2024-07-09T19:36:19.431661" level="INFO">${clean_data} = 2-day</msg>
<var>${clean_data}</var>
<arg>${clean_data}</arg>
<arg>'</arg>
<doc>Removes all ``removables`` from the given ``string``.</doc>
<status status="PASS" start="2024-07-09T19:36:19.431661" elapsed="0.000000"/>
</kw>
<return>
<value>${clean_data}</value>
<status status="PASS" start="2024-07-09T19:36:19.431661" elapsed="0.000000"/>
</return>
<msg time="2024-07-09T19:36:19.432650" level="INFO">${Default_Delivery_Method} = 2-day</msg>
<var>${Default_Delivery_Method}</var>
<arg>${Default_Delivery_Method}</arg>
<status status="PASS" start="2024-07-09T19:36:19.429697" elapsed="0.002953"/>
</kw>
<kw name="Set Test Variable" owner="BuiltIn">
<msg time="2024-07-09T19:36:19.433649" level="INFO">${Default_Delivery_Method} = 2-day</msg>
<msg time="2024-07-09T19:36:19.433649" level="INFO">${Default_Delivery_Method} = None</msg>
<var>${Default_Delivery_Method}</var>
<arg>${Default_Delivery_Method}</arg>
<doc>Makes a variable available everywhere within the scope of the current test.</doc>
<status status="PASS" start="2024-07-09T19:36:19.432650" elapsed="0.000999"/>
</kw>
<kw name="Get Value From Json" owner="JSONLibrary">
<msg time="2024-07-09T19:36:19.467337" level="INFO">${Delivery_product} = ['712161879653']</msg>
<var>${Delivery_product}</var>
<arg>${file}</arg>
<arg>$.Delivery_product</arg>
<doc>Get Value From JSON using JSONPath</doc>
<status status="PASS" start="2024-07-09T19:36:19.433649" elapsed="0.033688"/>
</kw>
<kw name="Convert To String" owner="BuiltIn">
<msg time="2024-07-09T19:36:19.468326" level="INFO">${Delivery_product} = ['712161879653']</msg>
<var>${Delivery_product}</var>
<arg>${Delivery_product}</arg>
<doc>Converts the given item to a Unicode string.</doc>
<status status="PASS" start="2024-07-09T19:36:19.467337" elapsed="0.000989"/>
</kw>
<kw name="Get Clear DATA" owner="DataReader">
<kw name="Remove String" owner="String">
<msg time="2024-07-09T19:36:19.470185" level="INFO">${clean_data} = '712161879653']</msg>
<var>${clean_data}</var>
<arg>${data}</arg>
<arg>[</arg>
<doc>Removes all ``removables`` from the given ``string``.</doc>
<status status="PASS" start="2024-07-09T19:36:19.470185" elapsed="0.000000"/>
</kw>
<kw name="Remove String" owner="String">
<msg time="2024-07-09T19:36:19.471244" level="INFO">${clean_data} = '712161879653'</msg>
<var>${clean_data}</var>
<arg>${clean_data}</arg>
<arg>]</arg>
<doc>Removes all ``removables`` from the given ``string``.</doc>
<status status="PASS" start="2024-07-09T19:36:19.470185" elapsed="0.001059"/>
</kw>
<kw name="Remove String" owner="String">
<msg time="2024-07-09T19:36:19.472273" level="INFO">${clean_data} = 712161879653</msg>
<var>${clean_data}</var>
<arg>${clean_data}</arg>
<arg>'</arg>
<doc>Removes all ``removables`` from the given ``string``.</doc>
<status status="PASS" start="2024-07-09T19:36:19.472273" elapsed="0.000000"/>
</kw>
<return>
<value>${clean_data}</value>
<status status="PASS" start="2024-07-09T19:36:19.473240" elapsed="0.000000"/>
</return>
<msg time="2024-07-09T19:36:19.473240" level="INFO">${Delivery_product} = 712161879653</msg>
<var>${Delivery_product}</var>
<arg>${Delivery_product}</arg>
<status status="PASS" start="2024-07-09T19:36:19.468326" elapsed="0.004914"/>
</kw>
<kw name="Set Test Variable" owner="BuiltIn">
<msg time="2024-07-09T19:36:19.474295" level="INFO">${Delivery_product} = 712161879653</msg>
<msg time="2024-07-09T19:36:19.474295" level="INFO">${Delivery_product} = None</msg>
<var>${Delivery_product}</var>
<arg>${Delivery_product}</arg>
<doc>Makes a variable available everywhere within the scope of the current test.</doc>
<status status="PASS" start="2024-07-09T19:36:19.473240" elapsed="0.001055"/>
</kw>
<kw name="Get Value From Json" owner="JSONLibrary">
<msg time="2024-07-09T19:36:19.511297" level="INFO">${Delivery_productSize} = ['22 IN']</msg>
<var>${Delivery_productSize}</var>
<arg>${file}</arg>
<arg>$.Delivery_productSize</arg>
<doc>Get Value From JSON using JSONPath</doc>
<status status="PASS" start="2024-07-09T19:36:19.474295" elapsed="0.037002"/>
</kw>
<kw name="Convert To String" owner="BuiltIn">
<msg time="2024-07-09T19:36:19.512295" level="INFO">${Delivery_productSize} = ['22 IN']</msg>
<var>${Delivery_productSize}</var>
<arg>${Delivery_productSize}</arg>
<doc>Converts the given item to a Unicode string.</doc>
<status status="PASS" start="2024-07-09T19:36:19.511297" elapsed="0.000998"/>
</kw>
<kw name="Get Clear DATA" owner="DataReader">
<kw name="Remove String" owner="String">
<msg time="2024-07-09T19:36:19.515269" level="INFO">${clean_data} = '22 IN']</msg>
<var>${clean_data}</var>
<arg>${data}</arg>
<arg>[</arg>
<doc>Removes all ``removables`` from the given ``string``.</doc>
<status status="PASS" start="2024-07-09T19:36:19.514306" elapsed="0.000963"/>
</kw>
<kw name="Remove String" owner="String">
<msg time="2024-07-09T19:36:19.516264" level="INFO">${clean_data} = '22 IN'</msg>
<var>${clean_data}</var>
<arg>${clean_data}</arg>
<arg>]</arg>
<doc>Removes all ``removables`` from the given ``string``.</doc>
<status status="PASS" start="2024-07-09T19:36:19.516264" elapsed="0.000000"/>
</kw>
<kw name="Remove String" owner="String">
<msg time="2024-07-09T19:36:19.518260" level="INFO">${clean_data} = 22 IN</msg>
<var>${clean_data}</var>
<arg>${clean_data}</arg>
<arg>'</arg>
<doc>Removes all ``removables`` from the given ``string``.</doc>
<status status="PASS" start="2024-07-09T19:36:19.517261" elapsed="0.000999"/>
</kw>
<return>
<value>${clean_data}</value>
<status status="PASS" start="2024-07-09T19:36:19.518260" elapsed="0.000000"/>
</return>
<msg time="2024-07-09T19:36:19.518260" level="INFO">${Delivery_productSize} = 22 IN</msg>
<var>${Delivery_productSize}</var>
<arg>${Delivery_productSize}</arg>
<status status="PASS" start="2024-07-09T19:36:19.512295" elapsed="0.006966"/>
</kw>
<kw name="Set Test Variable" owner="BuiltIn">
<msg time="2024-07-09T19:36:19.520265" level="INFO">${Delivery_productSize} = 22 IN</msg>
<msg time="2024-07-09T19:36:19.520265" level="INFO">${Delivery_productSize} = None</msg>
<var>${Delivery_productSize}</var>
<arg>${Delivery_productSize}</arg>
<doc>Makes a variable available everywhere within the scope of the current test.</doc>
<status status="PASS" start="2024-07-09T19:36:19.519261" elapsed="0.001004"/>
</kw>
<kw name="Get Value From Json" owner="JSONLibrary">
<msg time="2024-07-09T19:36:19.558978" level="INFO">${Delivery_product_2} = ['192740692130']</msg>
<var>${Delivery_product_2}</var>
<arg>${file}</arg>
<arg>$.Delivery_product_2</arg>
<doc>Get Value From JSON using JSONPath</doc>
<status status="PASS" start="2024-07-09T19:36:19.521337" elapsed="0.037641"/>
</kw>
<kw name="Convert To String" owner="BuiltIn">
<msg time="2024-07-09T19:36:19.558978" level="INFO">${Delivery_product_2} = ['192740692130']</msg>
<var>${Delivery_product_2}</var>
<arg>${Delivery_product_2}</arg>
<doc>Converts the given item to a Unicode string.</doc>
<status status="PASS" start="2024-07-09T19:36:19.558978" elapsed="0.000000"/>
</kw>
<kw name="Get Clear DATA" owner="DataReader">
<kw name="Remove String" owner="String">
<msg time="2024-07-09T19:36:19.560977" level="INFO">${clean_data} = '192740692130']</msg>
<var>${clean_data}</var>
<arg>${data}</arg>
<arg>[</arg>
<doc>Removes all ``removables`` from the given ``string``.</doc>
<status status="PASS" start="2024-07-09T19:36:19.559991" elapsed="0.000986"/>
</kw>
<kw name="Remove String" owner="String">
<msg time="2024-07-09T19:36:19.560977" level="INFO">${clean_data} = '192740692130'</msg>
<var>${clean_data}</var>
<arg>${clean_data}</arg>
<arg>]</arg>
<doc>Removes all ``removables`` from the given ``string``.</doc>
<status status="PASS" start="2024-07-09T19:36:19.560977" elapsed="0.000000"/>
</kw>
<kw name="Remove String" owner="String">
<msg time="2024-07-09T19:36:19.561986" level="INFO">${clean_data} = 192740692130</msg>
<var>${clean_data}</var>
<arg>${clean_data}</arg>
<arg>'</arg>
<doc>Removes all ``removables`` from the given ``string``.</doc>
<status status="PASS" start="2024-07-09T19:36:19.560977" elapsed="0.001009"/>
</kw>
<return>
<value>${clean_data}</value>
<status status="PASS" start="2024-07-09T19:36:19.561986" elapsed="0.000000"/>
</return>
<msg time="2024-07-09T19:36:19.561986" level="INFO">${Delivery_product_2} = 192740692130</msg>
<var>${Delivery_product_2}</var>
<arg>${Delivery_product_2}</arg>
<status status="PASS" start="2024-07-09T19:36:19.559991" elapsed="0.001995"/>
</kw>
<kw name="Set Test Variable" owner="BuiltIn">
<msg time="2024-07-09T19:36:19.562980" level="INFO">${Delivery_product_2} = 192740692130</msg>
<msg time="2024-07-09T19:36:19.562980" level="INFO">${Delivery_product_2} = None</msg>
<var>${Delivery_product_2}</var>
<arg>${Delivery_product_2}</arg>
<doc>Makes a variable available everywhere within the scope of the current test.</doc>
<status status="PASS" start="2024-07-09T19:36:19.562980" elapsed="0.000000"/>
</kw>
<kw name="Get Value From Json" owner="JSONLibrary">
<msg time="2024-07-09T19:36:19.589368" level="INFO">${Delivery_productSize_2} = ['18 IN']</msg>
<var>${Delivery_productSize_2}</var>
<arg>${file}</arg>
<arg>$.Delivery_productSize_2</arg>
<doc>Get Value From JSON using JSONPath</doc>
<status status="PASS" start="2024-07-09T19:36:19.562980" elapsed="0.026388"/>
</kw>
<kw name="Convert To String" owner="BuiltIn">
<msg time="2024-07-09T19:36:19.590366" level="INFO">${Delivery_productSize_2} = ['18 IN']</msg>
<var>${Delivery_productSize_2}</var>
<arg>${Delivery_productSize_2}</arg>
<doc>Converts the given item to a Unicode string.</doc>
<status status="PASS" start="2024-07-09T19:36:19.589368" elapsed="0.000998"/>
</kw>
<kw name="Get Clear DATA" owner="DataReader">
<kw name="Remove String" owner="String">
<msg time="2024-07-09T19:36:19.591364" level="INFO">${clean_data} = '18 IN']</msg>
<var>${clean_data}</var>
<arg>${data}</arg>
<arg>[</arg>
<doc>Removes all ``removables`` from the given ``string``.</doc>
<status status="PASS" start="2024-07-09T19:36:19.591364" elapsed="0.000000"/>
</kw>
<kw name="Remove String" owner="String">
<msg time="2024-07-09T19:36:19.591364" level="INFO">${clean_data} = '18 IN'</msg>
<var>${clean_data}</var>
<arg>${clean_data}</arg>
<arg>]</arg>
<doc>Removes all ``removables`` from the given ``string``.</doc>
<status status="PASS" start="2024-07-09T19:36:19.591364" elapsed="0.000000"/>
</kw>
<kw name="Remove String" owner="String">
<msg time="2024-07-09T19:36:19.592365" level="INFO">${clean_data} = 18 IN</msg>
<var>${clean_data}</var>
<arg>${clean_data}</arg>
<arg>'</arg>
<doc>Removes all ``removables`` from the given ``string``.</doc>
<status status="PASS" start="2024-07-09T19:36:19.591364" elapsed="0.001001"/>
</kw>
<return>
<value>${clean_data}</value>
<status status="PASS" start="2024-07-09T19:36:19.592365" elapsed="0.000000"/>
</return>
<msg time="2024-07-09T19:36:19.592365" level="INFO">${Delivery_productSize_2} = 18 IN</msg>
<var>${Delivery_productSize_2}</var>
<arg>${Delivery_productSize_2}</arg>
<status status="PASS" start="2024-07-09T19:36:19.590366" elapsed="0.001999"/>
</kw>
<kw name="Set Test Variable" owner="BuiltIn">
<msg time="2024-07-09T19:36:19.593377" level="INFO">${Delivery_productSize_2} = 18 IN</msg>
<msg time="2024-07-09T19:36:19.593377" level="INFO">${Delivery_productSize_2} = None</msg>
<var>${Delivery_productSize_2}</var>
<arg>${Delivery_productSize_2}</arg>
<doc>Makes a variable available everywhere within the scope of the current test.</doc>
<status status="PASS" start="2024-07-09T19:36:19.592365" elapsed="0.001012"/>
</kw>
<kw name="Get Value From Json" owner="JSONLibrary">
<msg time="2024-07-09T19:36:19.619418" level="INFO">${BOPIS_product} = ['883932945928']</msg>
<var>${BOPIS_product}</var>
<arg>${file}</arg>
<arg>$.BOPIS_product</arg>
<doc>Get Value From JSON using JSONPath</doc>
<status status="PASS" start="2024-07-09T19:36:19.593377" elapsed="0.026041"/>
</kw>
<kw name="Convert To String" owner="BuiltIn">
<msg time="2024-07-09T19:36:19.620418" level="INFO">${BOPIS_product} = ['883932945928']</msg>
<var>${BOPIS_product}</var>
<arg>${BOPIS_product}</arg>
<doc>Converts the given item to a Unicode string.</doc>
<status status="PASS" start="2024-07-09T19:36:19.619418" elapsed="0.001000"/>
</kw>
<kw name="Get Clear DATA" owner="DataReader">
<kw name="Remove String" owner="String">
<msg time="2024-07-09T19:36:19.621409" level="INFO">${clean_data} = '883932945928']</msg>
<var>${clean_data}</var>
<arg>${data}</arg>
<arg>[</arg>
<doc>Removes all ``removables`` from the given ``string``.</doc>
<status status="PASS" start="2024-07-09T19:36:19.621409" elapsed="0.000000"/>
</kw>
<kw name="Remove String" owner="String">
<msg time="2024-07-09T19:36:19.622405" level="INFO">${clean_data} = '883932945928'</msg>
<var>${clean_data}</var>
<arg>${clean_data}</arg>
<arg>]</arg>
<doc>Removes all ``removables`` from the given ``string``.</doc>
<status status="PASS" start="2024-07-09T19:36:19.621409" elapsed="0.000996"/>
</kw>
<kw name="Remove String" owner="String">
<msg time="2024-07-09T19:36:19.622405" level="INFO">${clean_data} = 883932945928</msg>
<var>${clean_data}</var>
<arg>${clean_data}</arg>
<arg>'</arg>
<doc>Removes all ``removables`` from the given ``string``.</doc>
<status status="PASS" start="2024-07-09T19:36:19.622405" elapsed="0.000000"/>
</kw>
<return>
<value>${clean_data}</value>
<status status="PASS" start="2024-07-09T19:36:19.622405" elapsed="0.000000"/>
</return>
<msg time="2024-07-09T19:36:19.623370" level="INFO">${BOPIS_product} = 883932945928</msg>
<var>${BOPIS_product}</var>
<arg>${BOPIS_product}</arg>
<status status="PASS" start="2024-07-09T19:36:19.620418" elapsed="0.002952"/>
</kw>
<kw name="Set Test Variable" owner="BuiltIn">
<msg time="2024-07-09T19:36:19.623370" level="INFO">${BOPIS_product} = 883932945928</msg>
<msg time="2024-07-09T19:36:19.624420" level="INFO">${BOPIS_product} = None</msg>
<var>${BOPIS_product}</var>
<arg>${BOPIS_product}</arg>
<doc>Makes a variable available everywhere within the scope of the current test.</doc>
<status status="PASS" start="2024-07-09T19:36:19.623370" elapsed="0.001050"/>
</kw>
<kw name="Get Value From Json" owner="JSONLibrary">
<msg time="2024-07-09T19:36:19.650782" level="INFO">${BOPIS_productSize} = ['S']</msg>
<var>${BOPIS_productSize}</var>
<arg>${file}</arg>
<arg>$.BOPIS_productSize</arg>
<doc>Get Value From JSON using JSONPath</doc>
<status status="PASS" start="2024-07-09T19:36:19.624420" elapsed="0.026362"/>
</kw>
<kw name="Convert To String" owner="BuiltIn">
<msg time="2024-07-09T19:36:19.651781" level="INFO">${BOPIS_productSize} = ['S']</msg>
<var>${BOPIS_productSize}</var>
<arg>${BOPIS_productSize}</arg>
<doc>Converts the given item to a Unicode string.</doc>
<status status="PASS" start="2024-07-09T19:36:19.650782" elapsed="0.000999"/>
</kw>
<kw name="Get Clear DATA" owner="DataReader">
<kw name="Remove String" owner="String">
<msg time="2024-07-09T19:36:19.652783" level="INFO">${clean_data} = 'S']</msg>
<var>${clean_data}</var>
<arg>${data}</arg>
<arg>[</arg>
<doc>Removes all ``removables`` from the given ``string``.</doc>
<status status="PASS" start="2024-07-09T19:36:19.652783" elapsed="0.000000"/>
</kw>
<kw name="Remove String" owner="String">
<msg time="2024-07-09T19:36:19.652783" level="INFO">${clean_data} = 'S'</msg>
<var>${clean_data}</var>
<arg>${clean_data}</arg>
<arg>]</arg>
<doc>Removes all ``removables`` from the given ``string``.</doc>
<status status="PASS" start="2024-07-09T19:36:19.652783" elapsed="0.000000"/>
</kw>
<kw name="Remove String" owner="String">
<msg time="2024-07-09T19:36:19.653790" level="INFO">${clean_data} = S</msg>
<var>${clean_data}</var>
<arg>${clean_data}</arg>
<arg>'</arg>
<doc>Removes all ``removables`` from the given ``string``.</doc>
<status status="PASS" start="2024-07-09T19:36:19.653790" elapsed="0.000000"/>
</kw>
<return>
<value>${clean_data}</value>
<status status="PASS" start="2024-07-09T19:36:19.653790" elapsed="0.000000"/>
</return>
<msg time="2024-07-09T19:36:19.653790" level="INFO">${BOPIS_productSize} = S</msg>
<var>${BOPIS_productSize}</var>
<arg>${BOPIS_productSize}</arg>
<status status="PASS" start="2024-07-09T19:36:19.651781" elapsed="0.002009"/>
</kw>
<kw name="Set Test Variable" owner="BuiltIn">
<msg time="2024-07-09T19:36:19.654784" level="INFO">${BOPIS_productSize} = S</msg>
<msg time="2024-07-09T19:36:19.654784" level="INFO">${BOPIS_productSize} = None</msg>
<var>${BOPIS_productSize}</var>
<arg>${BOPIS_productSize}</arg>
<doc>Makes a variable available everywhere within the scope of the current test.</doc>
<status status="PASS" start="2024-07-09T19:36:19.653790" elapsed="0.000994"/>
</kw>
<kw name="Get Value From Json" owner="JSONLibrary">
<msg time="2024-07-09T19:36:19.677170" level="INFO">${BOPIS_product_2} = ['192740706844']</msg>
<var>${BOPIS_product_2}</var>
<arg>${file}</arg>
<arg>$.BOPIS_product_2</arg>
<doc>Get Value From JSON using JSONPath</doc>
<status status="PASS" start="2024-07-09T19:36:19.654784" elapsed="0.022386"/>
</kw>
<kw name="Convert To String" owner="BuiltIn">
<msg time="2024-07-09T19:36:19.677170" level="INFO">${BOPIS_product_2} = ['192740706844']</msg>
<var>${BOPIS_product_2}</var>
<arg>${BOPIS_product_2}</arg>
<doc>Converts the given item to a Unicode string.</doc>
<status status="PASS" start="2024-07-09T19:36:19.677170" elapsed="0.000000"/>
</kw>
<kw name="Get Clear DATA" owner="DataReader">
<kw name="Remove String" owner="String">
<msg time="2024-07-09T19:36:19.679168" level="INFO">${clean_data} = '192740706844']</msg>
<var>${clean_data}</var>
<arg>${data}</arg>
<arg>[</arg>
<doc>Removes all ``removables`` from the given ``string``.</doc>
<status status="PASS" start="2024-07-09T19:36:19.678170" elapsed="0.000998"/>
</kw>
<kw name="Remove String" owner="String">
<msg time="2024-07-09T19:36:19.679168" level="INFO">${clean_data} = '192740706844'</msg>
<var>${clean_data}</var>
<arg>${clean_data}</arg>
<arg>]</arg>
<doc>Removes all ``removables`` from the given ``string``.</doc>
<status status="PASS" start="2024-07-09T19:36:19.679168" elapsed="0.000000"/>
</kw>
<kw name="Remove String" owner="String">
<msg time="2024-07-09T19:36:19.679168" level="INFO">${clean_data} = 192740706844</msg>
<var>${clean_data}</var>
<arg>${clean_data}</arg>
<arg>'</arg>
<doc>Removes all ``removables`` from the given ``string``.</doc>
<status status="PASS" start="2024-07-09T19:36:19.679168" elapsed="0.000000"/>
</kw>
<return>
<value>${clean_data}</value>
<status status="PASS" start="2024-07-09T19:36:19.680166" elapsed="0.000000"/>
</return>
<msg time="2024-07-09T19:36:19.680166" level="INFO">${BOPIS_product_2} = 192740706844</msg>
<var>${BOPIS_product_2}</var>
<arg>${BOPIS_product_2}</arg>
<status status="PASS" start="2024-07-09T19:36:19.678170" elapsed="0.001996"/>
</kw>
<kw name="Set Test Variable" owner="BuiltIn">
<msg time="2024-07-09T19:36:19.680166" level="INFO">${BOPIS_product_2} = 192740706844</msg>
<msg time="2024-07-09T19:36:19.680166" level="INFO">${BOPIS_product_2} = None</msg>
<var>${BOPIS_product_2}</var>
<arg>${BOPIS_product_2}</arg>
<doc>Makes a variable available everywhere within the scope of the current test.</doc>
<status status="PASS" start="2024-07-09T19:36:19.680166" elapsed="0.000000"/>
</kw>
<kw name="Get Value From Json" owner="JSONLibrary">
<msg time="2024-07-09T19:36:19.701790" level="INFO">${BOPIS_productSize_2} = ['L']</msg>
<var>${BOPIS_productSize_2}</var>
<arg>${file}</arg>
<arg>$.BOPIS_productSize_2</arg>
<doc>Get Value From JSON using JSONPath</doc>
<status status="PASS" start="2024-07-09T19:36:19.681150" elapsed="0.020640"/>
</kw>
<kw name="Convert To String" owner="BuiltIn">
<msg time="2024-07-09T19:36:19.702757" level="INFO">${BOPIS_productSize_2} = ['L']</msg>
<var>${BOPIS_productSize_2}</var>
<arg>${BOPIS_productSize_2}</arg>
<doc>Converts the given item to a Unicode string.</doc>
<status status="PASS" start="2024-07-09T19:36:19.701790" elapsed="0.000967"/>
</kw>
<kw name="Get Clear DATA" owner="DataReader">
<kw name="Remove String" owner="String">
<msg time="2024-07-09T19:36:19.703772" level="INFO">${clean_data} = 'L']</msg>
<var>${clean_data}</var>
<arg>${data}</arg>
<arg>[</arg>
<doc>Removes all ``removables`` from the given ``string``.</doc>
<status status="PASS" start="2024-07-09T19:36:19.703772" elapsed="0.000000"/>
</kw>
<kw name="Remove String" owner="String">
<msg time="2024-07-09T19:36:19.704771" level="INFO">${clean_data} = 'L'</msg>
<var>${clean_data}</var>
<arg>${clean_data}</arg>
<arg>]</arg>
<doc>Removes all ``removables`` from the given ``string``.</doc>
<status status="PASS" start="2024-07-09T19:36:19.703772" elapsed="0.000999"/>
</kw>
<kw name="Remove String" owner="String">
<msg time="2024-07-09T19:36:19.704771" level="INFO">${clean_data} = L</msg>
<var>${clean_data}</var>
<arg>${clean_data}</arg>
<arg>'</arg>
<doc>Removes all ``removables`` from the given ``string``.</doc>
<status status="PASS" start="2024-07-09T19:36:19.704771" elapsed="0.000000"/>
</kw>
<return>
<value>${clean_data}</value>
<status status="PASS" start="2024-07-09T19:36:19.704771" elapsed="0.000000"/>
</return>
<msg time="2024-07-09T19:36:19.705799" level="INFO">${BOPIS_productSize_2} = L</msg>
<var>${BOPIS_productSize_2}</var>
<arg>${BOPIS_productSize_2}</arg>
<status status="PASS" start="2024-07-09T19:36:19.702757" elapsed="0.003042"/>
</kw>
<kw name="Set Test Variable" owner="BuiltIn">
<msg time="2024-07-09T19:36:19.705799" level="INFO">${BOPIS_productSize_2} = L</msg>
<msg time="2024-07-09T19:36:19.705799" level="INFO">${BOPIS_productSize_2} = None</msg>
<var>${BOPIS_productSize_2}</var>
<arg>${BOPIS_productSize_2}</arg>
<doc>Makes a variable available everywhere within the scope of the current test.</doc>
<status status="PASS" start="2024-07-09T19:36:19.705799" elapsed="0.000000"/>
</kw>
<kw name="Get Value From Json" owner="JSONLibrary">
<msg time="2024-07-09T19:36:19.726926" level="INFO">${Preorder_product} = ['192740636189']</msg>
<var>${Preorder_product}</var>
<arg>${file}</arg>
<arg>$.Preorder_product</arg>
<doc>Get Value From JSON using JSONPath</doc>
<status status="PASS" start="2024-07-09T19:36:19.705799" elapsed="0.021127"/>
</kw>
<kw name="Convert To String" owner="BuiltIn">
<msg time="2024-07-09T19:36:19.726926" level="INFO">${Preorder_product} = ['192740636189']</msg>
<var>${Preorder_product}</var>
<arg>${Preorder_product}</arg>
<doc>Converts the given item to a Unicode string.</doc>
<status status="PASS" start="2024-07-09T19:36:19.726926" elapsed="0.000000"/>
</kw>
<kw name="Get Clear DATA" owner="DataReader">
<kw name="Remove String" owner="String">
<msg time="2024-07-09T19:36:19.728933" level="INFO">${clean_data} = '192740636189']</msg>
<var>${clean_data}</var>
<arg>${data}</arg>
<arg>[</arg>
<doc>Removes all ``removables`` from the given ``string``.</doc>
<status status="PASS" start="2024-07-09T19:36:19.728933" elapsed="0.000000"/>
</kw>
<kw name="Remove String" owner="String">
<msg time="2024-07-09T19:36:19.728933" level="INFO">${clean_data} = '192740636189'</msg>
<var>${clean_data}</var>
<arg>${clean_data}</arg>
<arg>]</arg>
<doc>Removes all ``removables`` from the given ``string``.</doc>
<status status="PASS" start="2024-07-09T19:36:19.728933" elapsed="0.000000"/>
</kw>
<kw name="Remove String" owner="String">
<msg time="2024-07-09T19:36:19.729926" level="INFO">${clean_data} = 192740636189</msg>
<var>${clean_data}</var>
<arg>${clean_data}</arg>
<arg>'</arg>
<doc>Removes all ``removables`` from the given ``string``.</doc>
<status status="PASS" start="2024-07-09T19:36:19.728933" elapsed="0.000993"/>
</kw>
<return>
<value>${clean_data}</value>
<status status="PASS" start="2024-07-09T19:36:19.729926" elapsed="0.000000"/>
</return>
<msg time="2024-07-09T19:36:19.729926" level="INFO">${Preorder_product} = 192740636189</msg>
<var>${Preorder_product}</var>
<arg>${Preorder_product}</arg>
<status status="PASS" start="2024-07-09T19:36:19.727945" elapsed="0.001981"/>
</kw>
<kw name="Set Test Variable" owner="BuiltIn">
<msg time="2024-07-09T19:36:19.729926" level="INFO">${Preorder_product} = 192740636189</msg>
<msg time="2024-07-09T19:36:19.730927" level="INFO">${Preorder_product} = None</msg>
<var>${Preorder_product}</var>
<arg>${Preorder_product}</arg>
<doc>Makes a variable available everywhere within the scope of the current test.</doc>
<status status="PASS" start="2024-07-09T19:36:19.729926" elapsed="0.001001"/>
</kw>
<kw name="Get Value From Json" owner="JSONLibrary">
<msg time="2024-07-09T19:36:19.755933" level="INFO">${Preorder_productSize} = ['XS']</msg>
<var>${Preorder_productSize}</var>
<arg>${file}</arg>
<arg>$.Preorder_productSize</arg>
<doc>Get Value From JSON using JSONPath</doc>
<status status="PASS" start="2024-07-09T19:36:19.730927" elapsed="0.025006"/>
</kw>
<kw name="Convert To String" owner="BuiltIn">
<msg time="2024-07-09T19:36:19.756946" level="INFO">${Preorder_productSize} = ['XS']</msg>
<var>${Preorder_productSize}</var>
<arg>${Preorder_productSize}</arg>
<doc>Converts the given item to a Unicode string.</doc>
<status status="PASS" start="2024-07-09T19:36:19.756946" elapsed="0.000000"/>
</kw>
<kw name="Get Clear DATA" owner="DataReader">
<kw name="Remove String" owner="String">
<msg time="2024-07-09T19:36:19.757945" level="INFO">${clean_data} = 'XS']</msg>
<var>${clean_data}</var>
<arg>${data}</arg>
<arg>[</arg>
<doc>Removes all ``removables`` from the given ``string``.</doc>
<status status="PASS" start="2024-07-09T19:36:19.757945" elapsed="0.000000"/>
</kw>
<kw name="Remove String" owner="String">
<msg time="2024-07-09T19:36:19.758947" level="INFO">${clean_data} = 'XS'</msg>
<var>${clean_data}</var>
<arg>${clean_data}</arg>
<arg>]</arg>
<doc>Removes all ``removables`` from the given ``string``.</doc>
<status status="PASS" start="2024-07-09T19:36:19.758947" elapsed="0.000000"/>
</kw>
<kw name="Remove String" owner="String">
<msg time="2024-07-09T19:36:19.758947" level="INFO">${clean_data} = XS</msg>
<var>${clean_data}</var>
<arg>${clean_data}</arg>
<arg>'</arg>
<doc>Removes all ``removables`` from the given ``string``.</doc>
<status status="PASS" start="2024-07-09T19:36:19.758947" elapsed="0.000000"/>
</kw>
<return>
<value>${clean_data}</value>
<status status="PASS" start="2024-07-09T19:36:19.758947" elapsed="0.000000"/>
</return>
<msg time="2024-07-09T19:36:19.758947" level="INFO">${Preorder_productSize} = XS</msg>
<var>${Preorder_productSize}</var>
<arg>${Preorder_productSize}</arg>
<status status="PASS" start="2024-07-09T19:36:19.756946" elapsed="0.002001"/>
</kw>
<kw name="Set Test Variable" owner="BuiltIn">
<msg time="2024-07-09T19:36:19.759949" level="INFO">${Preorder_productSize} = XS</msg>
<msg time="2024-07-09T19:36:19.759949" level="INFO">${Preorder_productSize} = None</msg>
<var>${Preorder_productSize}</var>
<arg>${Preorder_productSize}</arg>
<doc>Makes a variable available everywhere within the scope of the current test.</doc>
<status status="PASS" start="2024-07-09T19:36:19.759949" elapsed="0.000000"/>
</kw>
<kw name="Get Value From Json" owner="JSONLibrary">
<msg time="2024-07-09T19:36:19.790159" level="INFO">${store_expected_address} = []</msg>
<var>${store_expected_address}</var>
<arg>${file}</arg>
<arg>$.store_expected_address</arg>
<doc>Get Value From JSON using JSONPath</doc>
<status status="PASS" start="2024-07-09T19:36:19.759949" elapsed="0.030210"/>
</kw>
<kw name="Convert To String" owner="BuiltIn">
<msg time="2024-07-09T19:36:19.791173" level="INFO">${store_expected_address} = []</msg>
<var>${store_expected_address}</var>
<arg>${store_expected_address}</arg>
<doc>Converts the given item to a Unicode string.</doc>
<status status="PASS" start="2024-07-09T19:36:19.791173" elapsed="0.000000"/>
</kw>
<kw name="Get Clear DATA" owner="DataReader">
<kw name="Remove String" owner="String">
<msg time="2024-07-09T19:36:19.792177" level="INFO">${clean_data} = ]</msg>
<var>${clean_data}</var>
<arg>${data}</arg>
<arg>[</arg>
<doc>Removes all ``removables`` from the given ``string``.</doc>
<status status="PASS" start="2024-07-09T19:36:19.792177" elapsed="0.000000"/>
</kw>
<kw name="Remove String" owner="String">
<msg time="2024-07-09T19:36:19.793184" level="INFO">${clean_data} = </msg>
<var>${clean_data}</var>
<arg>${clean_data}</arg>
<arg>]</arg>
<doc>Removes all ``removables`` from the given ``string``.</doc>
<status status="PASS" start="2024-07-09T19:36:19.793184" elapsed="0.000000"/>
</kw>
<kw name="Remove String" owner="String">
<msg time="2024-07-09T19:36:19.794184" level="INFO">${clean_data} = </msg>
<var>${clean_data}</var>
<arg>${clean_data}</arg>
<arg>'</arg>
<doc>Removes all ``removables`` from the given ``string``.</doc>
<status status="PASS" start="2024-07-09T19:36:19.794184" elapsed="0.000000"/>
</kw>
<return>
<value>${clean_data}</value>
<status status="PASS" start="2024-07-09T19:36:19.794184" elapsed="0.001003"/>
</return>
<msg time="2024-07-09T19:36:19.795187" level="INFO">${store_expected_address} = </msg>
<var>${store_expected_address}</var>
<arg>${store_expected_address}</arg>
<status status="PASS" start="2024-07-09T19:36:19.791173" elapsed="0.004014"/>
</kw>
<kw name="Set Test Variable" owner="BuiltIn">
<msg time="2024-07-09T19:36:19.797188" level="INFO">${store_expected_address} = </msg>
<msg time="2024-07-09T19:36:19.797188" level="INFO">${store_expected_address} = None</msg>
<var>${store_expected_address}</var>
<arg>${store_expected_address}</arg>
<doc>Makes a variable available everywhere within the scope of the current test.</doc>
<status status="PASS" start="2024-07-09T19:36:19.796190" elapsed="0.000998"/>
</kw>
<kw name="Get Value From Json" owner="JSONLibrary">
<msg time="2024-07-09T19:36:19.827175" level="INFO">${store_expected_city_state} = []</msg>
<var>${store_expected_city_state}</var>
<arg>${file}</arg>
<arg>$.store_expected_city_state</arg>
<doc>Get Value From JSON using JSONPath</doc>
<status status="PASS" start="2024-07-09T19:36:19.797188" elapsed="0.030988"/>
</kw>
<kw name="Convert To String" owner="BuiltIn">
<msg time="2024-07-09T19:36:19.829183" level="INFO">${store_expected_city_state} = []</msg>
<var>${store_expected_city_state}</var>
<arg>${store_expected_city_state}</arg>
<doc>Converts the given item to a Unicode string.</doc>
<status status="PASS" start="2024-07-09T19:36:19.828176" elapsed="0.001007"/>
</kw>
<kw name="Get Clear DATA" owner="DataReader">
<kw name="Remove String" owner="String">
<msg time="2024-07-09T19:36:19.831428" level="INFO">${clean_data} = ]</msg>
<var>${clean_data}</var>
<arg>${data}</arg>
<arg>[</arg>
<doc>Removes all ``removables`` from the given ``string``.</doc>
<status status="PASS" start="2024-07-09T19:36:19.830177" elapsed="0.001251"/>
</kw>
<kw name="Remove String" owner="String">
<msg time="2024-07-09T19:36:19.832179" level="INFO">${clean_data} = </msg>
<var>${clean_data}</var>
<arg>${clean_data}</arg>
<arg>]</arg>
<doc>Removes all ``removables`` from the given ``string``.</doc>
<status status="PASS" start="2024-07-09T19:36:19.831428" elapsed="0.000751"/>
</kw>
<kw name="Remove String" owner="String">
<msg time="2024-07-09T19:36:19.832179" level="INFO">${clean_data} = </msg>
<var>${clean_data}</var>
<arg>${clean_data}</arg>
<arg>'</arg>
<doc>Removes all ``removables`` from the given ``string``.</doc>
<status status="PASS" start="2024-07-09T19:36:19.832179" elapsed="0.000000"/>
</kw>
<return>
<value>${clean_data}</value>
<status status="PASS" start="2024-07-09T19:36:19.833179" elapsed="0.000000"/>
</return>
<msg time="2024-07-09T19:36:19.833179" level="INFO">${store_expected_city_state} = </msg>
<var>${store_expected_city_state}</var>
<arg>${store_expected_city_state}</arg>
<status status="PASS" start="2024-07-09T19:36:19.829183" elapsed="0.003996"/>
</kw>
<kw name="Set Test Variable" owner="BuiltIn">
<msg time="2024-07-09T19:36:19.833179" level="INFO">${store_expected_city_state} = </msg>
<msg time="2024-07-09T19:36:19.833179" level="INFO">${store_expected_city_state} = None</msg>
<var>${store_expected_city_state}</var>
<arg>${store_expected_city_state}</arg>
<doc>Makes a variable available everywhere within the scope of the current test.</doc>
<status status="PASS" start="2024-07-09T19:36:19.833179" elapsed="0.000996"/>
</kw>
<kw name="Get Value From Json" owner="JSONLibrary">
<msg time="2024-07-09T19:36:19.860838" level="INFO">${store_expected_phone_number} = []</msg>
<var>${store_expected_phone_number}</var>
<arg>${file}</arg>
<arg>$.store_expected_phone_number</arg>
<doc>Get Value From JSON using JSONPath</doc>
<status status="PASS" start="2024-07-09T19:36:19.834175" elapsed="0.026663"/>
</kw>
<kw name="Convert To String" owner="BuiltIn">
<msg time="2024-07-09T19:36:19.861840" level="INFO">${store_expected_phone_number} = []</msg>
<var>${store_expected_phone_number}</var>
<arg>${store_expected_phone_number}</arg>
<doc>Converts the given item to a Unicode string.</doc>
<status status="PASS" start="2024-07-09T19:36:19.861840" elapsed="0.000000"/>
</kw>
<kw name="Get Clear DATA" owner="DataReader">
<kw name="Remove String" owner="String">
<msg time="2024-07-09T19:36:19.864841" level="INFO">${clean_data} = ]</msg>
<var>${clean_data}</var>
<arg>${data}</arg>
<arg>[</arg>
<doc>Removes all ``removables`` from the given ``string``.</doc>
<status status="PASS" start="2024-07-09T19:36:19.863836" elapsed="0.001005"/>
</kw>
<kw name="Remove String" owner="String">
<msg time="2024-07-09T19:36:19.865838" level="INFO">${clean_data} = </msg>
<var>${clean_data}</var>
<arg>${clean_data}</arg>
<arg>]</arg>
<doc>Removes all ``removables`` from the given ``string``.</doc>
<status status="PASS" start="2024-07-09T19:36:19.864841" elapsed="0.000997"/>
</kw>
<kw name="Remove String" owner="String">
<msg time="2024-07-09T19:36:19.865838" level="INFO">${clean_data} = </msg>
<var>${clean_data}</var>
<arg>${clean_data}</arg>
<arg>'</arg>
<doc>Removes all ``removables`` from the given ``string``.</doc>
<status status="PASS" start="2024-07-09T19:36:19.865838" elapsed="0.000000"/>
</kw>
<return>
<value>${clean_data}</value>
<status status="PASS" start="2024-07-09T19:36:19.866844" elapsed="0.000000"/>
</return>
<msg time="2024-07-09T19:36:19.866844" level="INFO">${store_expected_phone_number} = </msg>
<var>${store_expected_phone_number}</var>
<arg>${store_expected_phone_number}</arg>
<status status="PASS" start="2024-07-09T19:36:19.862839" elapsed="0.004005"/>
</kw>
<kw name="Set Test Variable" owner="BuiltIn">
<msg time="2024-07-09T19:36:19.867844" level="INFO">${store_expected_phone_number} = </msg>
<msg time="2024-07-09T19:36:19.867844" level="INFO">${store_expected_phone_number} = None</msg>
<var>${store_expected_phone_number}</var>
<arg>${store_expected_phone_number}</arg>
<doc>Makes a variable available everywhere within the scope of the current test.</doc>
<status status="PASS" start="2024-07-09T19:36:19.867844" elapsed="0.000000"/>
</kw>
<kw name="Get Value From Json" owner="JSONLibrary">
<msg time="2024-07-09T19:36:19.898501" level="INFO">${store_zipCode} = ['10001']</msg>
<var>${store_zipCode}</var>
<arg>${file}</arg>
<arg>$.store_zipCode</arg>
<doc>Get Value From JSON using JSONPath</doc>
<status status="PASS" start="2024-07-09T19:36:19.868839" elapsed="0.029662"/>
</kw>
<kw name="Convert To String" owner="BuiltIn">
<msg time="2024-07-09T19:36:19.899509" level="INFO">${store_zipCode} = ['10001']</msg>
<var>${store_zipCode}</var>
<arg>${store_zipCode}</arg>
<doc>Converts the given item to a Unicode string.</doc>
<status status="PASS" start="2024-07-09T19:36:19.898501" elapsed="0.001008"/>
</kw>
<kw name="Get Clear DATA" owner="DataReader">
<kw name="Remove String" owner="String">
<msg time="2024-07-09T19:36:19.900504" level="INFO">${clean_data} = '10001']</msg>
<var>${clean_data}</var>
<arg>${data}</arg>
<arg>[</arg>
<doc>Removes all ``removables`` from the given ``string``.</doc>
<status status="PASS" start="2024-07-09T19:36:19.900504" elapsed="0.000000"/>
</kw>
<kw name="Remove String" owner="String">
<msg time="2024-07-09T19:36:19.901509" level="INFO">${clean_data} = '10001'</msg>
<var>${clean_data}</var>
<arg>${clean_data}</arg>
<arg>]</arg>
<doc>Removes all ``removables`` from the given ``string``.</doc>
<status status="PASS" start="2024-07-09T19:36:19.900504" elapsed="0.001005"/>
</kw>
<kw name="Remove String" owner="String">
<msg time="2024-07-09T19:36:19.901509" level="INFO">${clean_data} = 10001</msg>
<var>${clean_data}</var>
<arg>${clean_data}</arg>
<arg>'</arg>
<doc>Removes all ``removables`` from the given ``string``.</doc>
<status status="PASS" start="2024-07-09T19:36:19.901509" elapsed="0.000000"/>
</kw>
<return>
<value>${clean_data}</value>
<status status="PASS" start="2024-07-09T19:36:19.901509" elapsed="0.000000"/>
</return>
<msg time="2024-07-09T19:36:19.901509" level="INFO">${store_zipCode} = 10001</msg>
<var>${store_zipCode}</var>
<arg>${store_zipCode}</arg>
<status status="PASS" start="2024-07-09T19:36:19.899509" elapsed="0.002991"/>
</kw>
<kw name="Set Test Variable" owner="BuiltIn">
<msg time="2024-07-09T19:36:19.902500" level="INFO">${store_zipCode} = 10001</msg>
<msg time="2024-07-09T19:36:19.902500" level="INFO">${store_zipCode} = None</msg>
<var>${store_zipCode}</var>
<arg>${store_zipCode}</arg>
<doc>Makes a variable available everywhere within the scope of the current test.</doc>
<status status="PASS" start="2024-07-09T19:36:19.902500" elapsed="0.000000"/>
</kw>
<kw name="Get Value From Json" owner="JSONLibrary">
<msg time="2024-07-09T19:36:19.926954" level="INFO">${store_zipCode_2} = ['10012']</msg>
<var>${store_zipCode_2}</var>
<arg>${file}</arg>
<arg>$.store_zipCode_2</arg>
<doc>Get Value From JSON using JSONPath</doc>
<status status="PASS" start="2024-07-09T19:36:19.903416" elapsed="0.023538"/>
</kw>
<kw name="Convert To String" owner="BuiltIn">
<msg time="2024-07-09T19:36:19.927963" level="INFO">${store_zipCode_2} = ['10012']</msg>
<var>${store_zipCode_2}</var>
<arg>${store_zipCode_2}</arg>
<doc>Converts the given item to a Unicode string.</doc>
<status status="PASS" start="2024-07-09T19:36:19.927963" elapsed="0.000000"/>
</kw>
<kw name="Get Clear DATA" owner="DataReader">
<kw name="Remove String" owner="String">
<msg time="2024-07-09T19:36:19.929000" level="INFO">${clean_data} = '10012']</msg>
<var>${clean_data}</var>
<arg>${data}</arg>
<arg>[</arg>
<doc>Removes all ``removables`` from the given ``string``.</doc>
<status status="PASS" start="2024-07-09T19:36:19.929000" elapsed="0.000000"/>
</kw>
<kw name="Remove String" owner="String">
<msg time="2024-07-09T19:36:19.930001" level="INFO">${clean_data} = '10012'</msg>
<var>${clean_data}</var>
<arg>${clean_data}</arg>
<arg>]</arg>
<doc>Removes all ``removables`` from the given ``string``.</doc>
<status status="PASS" start="2024-07-09T19:36:19.930001" elapsed="0.000000"/>
</kw>
<kw name="Remove String" owner="String">
<msg time="2024-07-09T19:36:19.930001" level="INFO">${clean_data} = 10012</msg>
<var>${clean_data}</var>
<arg>${clean_data}</arg>
<arg>'</arg>
<doc>Removes all ``removables`` from the given ``string``.</doc>
<status status="PASS" start="2024-07-09T19:36:19.930001" elapsed="0.000000"/>
</kw>
<return>
<value>${clean_data}</value>
<status status="PASS" start="2024-07-09T19:36:19.930001" elapsed="0.000000"/>
</return>
<msg time="2024-07-09T19:36:19.931001" level="INFO">${store_zipCode_2} = 10012</msg>
<var>${store_zipCode_2}</var>
<arg>${store_zipCode_2}</arg>
<status status="PASS" start="2024-07-09T19:36:19.927963" elapsed="0.003038"/>
</kw>
<kw name="Set Test Variable" owner="BuiltIn">
<msg time="2024-07-09T19:36:19.931001" level="INFO">${store_zipCode_2} = 10012</msg>
<msg time="2024-07-09T19:36:19.931001" level="INFO">${store_zipCode_2} = None</msg>
<var>${store_zipCode_2}</var>
<arg>${store_zipCode_2}</arg>
<doc>Makes a variable available everywhere within the scope of the current test.</doc>
<status status="PASS" start="2024-07-09T19:36:19.931001" elapsed="0.000000"/>
</kw>
<kw name="Get Value From Json" owner="JSONLibrary">
<msg time="2024-07-09T19:36:19.951981" level="INFO">${NewUser_CardNumber} = ['4695 3700 0000 0009']</msg>
<var>${NewUser_CardNumber}</var>
<arg>${file}</arg>
<arg>$.NewUser_CardNumber</arg>
<doc>Get Value From JSON using JSONPath</doc>
<status status="PASS" start="2024-07-09T19:36:19.931001" elapsed="0.020980"/>
</kw>
<kw name="Convert To String" owner="BuiltIn">
<msg time="2024-07-09T19:36:19.952983" level="INFO">${NewUser_CardNumber} = ['4695 3700 0000 0009']</msg>
<var>${NewUser_CardNumber}</var>
<arg>${NewUser_CardNumber}</arg>
<doc>Converts the given item to a Unicode string.</doc>
<status status="PASS" start="2024-07-09T19:36:19.952983" elapsed="0.000000"/>
</kw>
<kw name="Get Clear DATA" owner="DataReader">
<kw name="Remove String" owner="String">
<msg time="2024-07-09T19:36:19.953935" level="INFO">${clean_data} = '4695 3700 0000 0009']</msg>
<var>${clean_data}</var>
<arg>${data}</arg>
<arg>[</arg>
<doc>Removes all ``removables`` from the given ``string``.</doc>
<status status="PASS" start="2024-07-09T19:36:19.953935" elapsed="0.000000"/>
</kw>
<kw name="Remove String" owner="String">
<msg time="2024-07-09T19:36:19.954925" level="INFO">${clean_data} = '4695 3700 0000 0009'</msg>
<var>${clean_data}</var>
<arg>${clean_data}</arg>
<arg>]</arg>
<doc>Removes all ``removables`` from the given ``string``.</doc>
<status status="PASS" start="2024-07-09T19:36:19.954925" elapsed="0.000000"/>
</kw>
<kw name="Remove String" owner="String">
<msg time="2024-07-09T19:36:19.954925" level="INFO">${clean_data} = 4695 3700 0000 0009</msg>
<var>${clean_data}</var>
<arg>${clean_data}</arg>
<arg>'</arg>
<doc>Removes all ``removables`` from the given ``string``.</doc>
<status status="PASS" start="2024-07-09T19:36:19.954925" elapsed="0.000000"/>
</kw>
<return>
<value>${clean_data}</value>
<status status="PASS" start="2024-07-09T19:36:19.954925" elapsed="0.000995"/>
</return>
<msg time="2024-07-09T19:36:19.955920" level="INFO">${NewUser_CardNumber} = 4695 3700 0000 0009</msg>
<var>${NewUser_CardNumber}</var>
<arg>${NewUser_CardNumber}</arg>
<status status="PASS" start="2024-07-09T19:36:19.952983" elapsed="0.002937"/>
</kw>
<kw name="Set Test Variable" owner="BuiltIn">
<msg time="2024-07-09T19:36:19.955920" level="INFO">${NewUser_CardNumber} = 4695 3700 0000 0009</msg>
<msg time="2024-07-09T19:36:19.955920" level="INFO">${NewUser_CardNumber} = None</msg>
<var>${NewUser_CardNumber}</var>
<arg>${NewUser_CardNumber}</arg>
<doc>Makes a variable available everywhere within the scope of the current test.</doc>
<status status="PASS" start="2024-07-09T19:36:19.955920" elapsed="0.000000"/>
</kw>
<kw name="Get Value From Json" owner="JSONLibrary">
<msg time="2024-07-09T19:36:19.977932" level="INFO">${NewUser_CardNumberMasked} = ['**** **** **** 0009']</msg>
<var>${NewUser_CardNumberMasked}</var>
<arg>${file}</arg>
<arg>$.NewUser_CardNumberMasked</arg>
<doc>Get Value From JSON using JSONPath</doc>
<status status="PASS" start="2024-07-09T19:36:19.956925" elapsed="0.021007"/>
</kw>
<kw name="Convert To String" owner="BuiltIn">
<msg time="2024-07-09T19:36:19.978935" level="INFO">${NewUser_CardNumberMasked} = ['**** **** **** 0009']</msg>
<var>${NewUser_CardNumberMasked}</var>
<arg>${NewUser_CardNumberMasked}</arg>
<doc>Converts the given item to a Unicode string.</doc>
<status status="PASS" start="2024-07-09T19:36:19.977932" elapsed="0.001003"/>
</kw>
<kw name="Get Clear DATA" owner="DataReader">
<kw name="Remove String" owner="String">
<msg time="2024-07-09T19:36:19.979978" level="INFO">${clean_data} = '**** **** **** 0009']</msg>
<var>${clean_data}</var>
<arg>${data}</arg>
<arg>[</arg>
<doc>Removes all ``removables`` from the given ``string``.</doc>
<status status="PASS" start="2024-07-09T19:36:19.979978" elapsed="0.000000"/>
</kw>
<kw name="Remove String" owner="String">
<msg time="2024-07-09T19:36:19.979978" level="INFO">${clean_data} = '**** **** **** 0009'</msg>
<var>${clean_data}</var>
<arg>${clean_data}</arg>
<arg>]</arg>
<doc>Removes all ``removables`` from the given ``string``.</doc>
<status status="PASS" start="2024-07-09T19:36:19.979978" elapsed="0.000000"/>
</kw>
<kw name="Remove String" owner="String">
<msg time="2024-07-09T19:36:19.980980" level="INFO">${clean_data} = **** **** **** 0009</msg>
<var>${clean_data}</var>
<arg>${clean_data}</arg>
<arg>'</arg>
<doc>Removes all ``removables`` from the given ``string``.</doc>
<status status="PASS" start="2024-07-09T19:36:19.980980" elapsed="0.000000"/>
</kw>
<return>
<value>${clean_data}</value>
<status status="PASS" start="2024-07-09T19:36:19.980980" elapsed="0.000000"/>
</return>
<msg time="2024-07-09T19:36:19.980980" level="INFO">${NewUser_CardNumberMasked} = **** **** **** 0009</msg>
<var>${NewUser_CardNumberMasked}</var>
<arg>${NewUser_CardNumberMasked}</arg>
<status status="PASS" start="2024-07-09T19:36:19.978935" elapsed="0.002045"/>
</kw>
<kw name="Set Test Variable" owner="BuiltIn">
<msg time="2024-07-09T19:36:19.981990" level="INFO">${NewUser_CardNumberMasked} = **** **** **** 0009</msg>
<msg time="2024-07-09T19:36:19.981990" level="INFO">${NewUser_CardNumberMasked} = None</msg>
<var>${NewUser_CardNumberMasked}</var>
<arg>${NewUser_CardNumberMasked}</arg>
<doc>Makes a variable available everywhere within the scope of the current test.</doc>
<status status="PASS" start="2024-07-09T19:36:19.981990" elapsed="0.000000"/>
</kw>
<kw name="Get Value From Json" owner="JSONLibrary">
<msg time="2024-07-09T19:36:20.002491" level="INFO">${NewUser_CardType} = ['Visa']</msg>
<var>${NewUser_CardType}</var>
<arg>${file}</arg>
<arg>$.NewUser_CardType</arg>
<doc>Get Value From JSON using JSONPath</doc>
<status status="PASS" start="2024-07-09T19:36:19.981990" elapsed="0.022021"/>
</kw>
<kw name="Convert To String" owner="BuiltIn">
<msg time="2024-07-09T19:36:20.004011" level="INFO">${NewUser_CardType} = ['Visa']</msg>
<var>${NewUser_CardType}</var>
<arg>${NewUser_CardType}</arg>
<doc>Converts the given item to a Unicode string.</doc>
<status status="PASS" start="2024-07-09T19:36:20.004011" elapsed="0.000000"/>
</kw>
<kw name="Get Clear DATA" owner="DataReader">
<kw name="Remove String" owner="String">
<msg time="2024-07-09T19:36:20.006106" level="INFO">${clean_data} = 'Visa']</msg>
<var>${clean_data}</var>
<arg>${data}</arg>
<arg>[</arg>
<doc>Removes all ``removables`` from the given ``string``.</doc>
<status status="PASS" start="2024-07-09T19:36:20.005066" elapsed="0.001040"/>
</kw>
<kw name="Remove String" owner="String">
<msg time="2024-07-09T19:36:20.006106" level="INFO">${clean_data} = 'Visa'</msg>
<var>${clean_data}</var>
<arg>${clean_data}</arg>
<arg>]</arg>
<doc>Removes all ``removables`` from the given ``string``.</doc>
<status status="PASS" start="2024-07-09T19:36:20.006106" elapsed="0.000000"/>
</kw>
<kw name="Remove String" owner="String">
<msg time="2024-07-09T19:36:20.007073" level="INFO">${clean_data} = Visa</msg>
<var>${clean_data}</var>
<arg>${clean_data}</arg>
<arg>'</arg>
<doc>Removes all ``removables`` from the given ``string``.</doc>
<status status="PASS" start="2024-07-09T19:36:20.006106" elapsed="0.000967"/>
</kw>
<return>
<value>${clean_data}</value>
<status status="PASS" start="2024-07-09T19:36:20.007073" elapsed="0.000000"/>
</return>
<msg time="2024-07-09T19:36:20.007073" level="INFO">${NewUser_CardType} = Visa</msg>
<var>${NewUser_CardType}</var>
<arg>${NewUser_CardType}</arg>
<status status="PASS" start="2024-07-09T19:36:20.004011" elapsed="0.003062"/>
</kw>
<kw name="Set Test Variable" owner="BuiltIn">
<msg time="2024-07-09T19:36:20.007073" level="INFO">${NewUser_CardType} = Visa</msg>
<msg time="2024-07-09T19:36:20.007073" level="INFO">${NewUser_CardType} = None</msg>
<var>${NewUser_CardType}</var>
<arg>${NewUser_CardType}</arg>
<doc>Makes a variable available everywhere within the scope of the current test.</doc>
<status status="PASS" start="2024-07-09T19:36:20.007073" elapsed="0.000000"/>
</kw>
<kw name="Get Value From Json" owner="JSONLibrary">
<msg time="2024-07-09T19:36:20.029041" level="INFO">${NewUser_CardExp} = ['03/30']</msg>
<var>${NewUser_CardExp}</var>
<arg>${file}</arg>
<arg>$.NewUser_CardExp</arg>
<doc>Get Value From JSON using JSONPath</doc>
<status status="PASS" start="2024-07-09T19:36:20.008145" elapsed="0.020896"/>
</kw>
<kw name="Convert To String" owner="BuiltIn">
<msg time="2024-07-09T19:36:20.030044" level="INFO">${NewUser_CardExp} = ['03/30']</msg>
<var>${NewUser_CardExp}</var>
<arg>${NewUser_CardExp}</arg>
<doc>Converts the given item to a Unicode string.</doc>
<status status="PASS" start="2024-07-09T19:36:20.030044" elapsed="0.000000"/>
</kw>
<kw name="Get Clear DATA" owner="DataReader">
<kw name="Remove String" owner="String">
<msg time="2024-07-09T19:36:20.032042" level="INFO">${clean_data} = '03/30']</msg>
<var>${clean_data}</var>
<arg>${data}</arg>
<arg>[</arg>
<doc>Removes all ``removables`` from the given ``string``.</doc>
<status status="PASS" start="2024-07-09T19:36:20.031048" elapsed="0.000994"/>
</kw>
<kw name="Remove String" owner="String">
<msg time="2024-07-09T19:36:20.032042" level="INFO">${clean_data} = '03/30'</msg>
<var>${clean_data}</var>
<arg>${clean_data}</arg>
<arg>]</arg>
<doc>Removes all ``removables`` from the given ``string``.</doc>
<status status="PASS" start="2024-07-09T19:36:20.032042" elapsed="0.000000"/>
</kw>
<kw name="Remove String" owner="String">
<msg time="2024-07-09T19:36:20.032589" level="INFO">${clean_data} = 03/30</msg>
<var>${clean_data}</var>
<arg>${clean_data}</arg>
<arg>'</arg>
<doc>Removes all ``removables`` from the given ``string``.</doc>
<status status="PASS" start="2024-07-09T19:36:20.032589" elapsed="0.000000"/>
</kw>
<return>
<value>${clean_data}</value>
<status status="PASS" start="2024-07-09T19:36:20.032589" elapsed="0.000000"/>
</return>
<msg time="2024-07-09T19:36:20.032589" level="INFO">${NewUser_CardExp} = 03/30</msg>
<var>${NewUser_CardExp}</var>
<arg>${NewUser_CardExp}</arg>
<status status="PASS" start="2024-07-09T19:36:20.030044" elapsed="0.002545"/>
</kw>
<kw name="Set Test Variable" owner="BuiltIn">
<msg time="2024-07-09T19:36:20.033636" level="INFO">${NewUser_CardExp} = 03/30</msg>
<msg time="2024-07-09T19:36:20.033636" level="INFO">${NewUser_CardExp} = None</msg>
<var>${NewUser_CardExp}</var>
<arg>${NewUser_CardExp}</arg>
<doc>Makes a variable available everywhere within the scope of the current test.</doc>
<status status="PASS" start="2024-07-09T19:36:20.032589" elapsed="0.001047"/>
</kw>
<kw name="Get Value From Json" owner="JSONLibrary">
<msg time="2024-07-09T19:36:20.058651" level="INFO">${NewUser_CardExpYear} = ['3/2030']</msg>
<var>${NewUser_CardExpYear}</var>
<arg>${file}</arg>
<arg>$.NewUser_CardExpYear</arg>
<doc>Get Value From JSON using JSONPath</doc>
<status status="PASS" start="2024-07-09T19:36:20.033636" elapsed="0.025015"/>
</kw>
<kw name="Convert To String" owner="BuiltIn">
<msg time="2024-07-09T19:36:20.059879" level="INFO">${NewUser_CardExpYear} = ['3/2030']</msg>
<var>${NewUser_CardExpYear}</var>
<arg>${NewUser_CardExpYear}</arg>
<doc>Converts the given item to a Unicode string.</doc>
<status status="PASS" start="2024-07-09T19:36:20.058651" elapsed="0.001228"/>
</kw>
<kw name="Get Clear DATA" owner="DataReader">
<kw name="Remove String" owner="String">
<msg time="2024-07-09T19:36:20.063033" level="INFO">${clean_data} = '3/2030']</msg>
<var>${clean_data}</var>
<arg>${data}</arg>
<arg>[</arg>
<doc>Removes all ``removables`` from the given ``string``.</doc>
<status status="PASS" start="2024-07-09T19:36:20.061934" elapsed="0.001099"/>
</kw>
<kw name="Remove String" owner="String">
<msg time="2024-07-09T19:36:20.063961" level="INFO">${clean_data} = '3/2030'</msg>
<var>${clean_data}</var>
<arg>${clean_data}</arg>
<arg>]</arg>
<doc>Removes all ``removables`` from the given ``string``.</doc>
<status status="PASS" start="2024-07-09T19:36:20.063033" elapsed="0.000928"/>
</kw>
<kw name="Remove String" owner="String">
<msg time="2024-07-09T19:36:20.063961" level="INFO">${clean_data} = 3/2030</msg>
<var>${clean_data}</var>
<arg>${clean_data}</arg>
<arg>'</arg>
<doc>Removes all ``removables`` from the given ``string``.</doc>
<status status="PASS" start="2024-07-09T19:36:20.063961" elapsed="0.001064"/>
</kw>
<return>
<value>${clean_data}</value>
<status status="PASS" start="2024-07-09T19:36:20.065025" elapsed="0.000000"/>
</return>
<msg time="2024-07-09T19:36:20.065025" level="INFO">${NewUser_CardExpYear} = 3/2030</msg>
<var>${NewUser_CardExpYear}</var>
<arg>${NewUser_CardExpYear}</arg>
<status status="PASS" start="2024-07-09T19:36:20.060897" elapsed="0.004128"/>
</kw>
<kw name="Set Test Variable" owner="BuiltIn">
<msg time="2024-07-09T19:36:20.065898" level="INFO">${NewUser_CardExpYear} = 3/2030</msg>
<msg time="2024-07-09T19:36:20.065898" level="INFO">${NewUser_CardExpYear} = None</msg>
<var>${NewUser_CardExpYear}</var>
<arg>${NewUser_CardExpYear}</arg>
<doc>Makes a variable available everywhere within the scope of the current test.</doc>
<status status="PASS" start="2024-07-09T19:36:20.065898" elapsed="0.000000"/>
</kw>
<kw name="Get Value From Json" owner="JSONLibrary">
<msg time="2024-07-09T19:36:20.100798" level="INFO">${NewUser_CardCvv} = ['737']</msg>
<var>${NewUser_CardCvv}</var>
<arg>${file}</arg>
<arg>$.NewUser_CardCvv</arg>
<doc>Get Value From JSON using JSONPath</doc>
<status status="PASS" start="2024-07-09T19:36:20.066896" elapsed="0.033902"/>
</kw>
<kw name="Convert To String" owner="BuiltIn">
<msg time="2024-07-09T19:36:20.101798" level="INFO">${NewUser_CardCvv} = ['737']</msg>
<var>${NewUser_CardCvv}</var>
<arg>${NewUser_CardCvv}</arg>
<doc>Converts the given item to a Unicode string.</doc>
<status status="PASS" start="2024-07-09T19:36:20.100798" elapsed="0.001000"/>
</kw>
<kw name="Get Clear DATA" owner="DataReader">
<kw name="Remove String" owner="String">
<msg time="2024-07-09T19:36:20.102797" level="INFO">${clean_data} = '737']</msg>
<var>${clean_data}</var>
<arg>${data}</arg>
<arg>[</arg>
<doc>Removes all ``removables`` from the given ``string``.</doc>
<status status="PASS" start="2024-07-09T19:36:20.102797" elapsed="0.000000"/>
</kw>
<kw name="Remove String" owner="String">
<msg time="2024-07-09T19:36:20.102797" level="INFO">${clean_data} = '737'</msg>
<var>${clean_data}</var>
<arg>${clean_data}</arg>
<arg>]</arg>
<doc>Removes all ``removables`` from the given ``string``.</doc>
<status status="PASS" start="2024-07-09T19:36:20.102797" elapsed="0.000000"/>
</kw>
<kw name="Remove String" owner="String">
<msg time="2024-07-09T19:36:20.103798" level="INFO">${clean_data} = 737</msg>
<var>${clean_data}</var>
<arg>${clean_data}</arg>
<arg>'</arg>
<doc>Removes all ``removables`` from the given ``string``.</doc>
<status status="PASS" start="2024-07-09T19:36:20.103798" elapsed="0.000000"/>
</kw>
<return>
<value>${clean_data}</value>
<status status="PASS" start="2024-07-09T19:36:20.103798" elapsed="0.000000"/>
</return>
<msg time="2024-07-09T19:36:20.103798" level="INFO">${NewUser_CardCvv} = 737</msg>
<var>${NewUser_CardCvv}</var>
<arg>${NewUser_CardCvv}</arg>
<status status="PASS" start="2024-07-09T19:36:20.101798" elapsed="0.002000"/>
</kw>
<kw name="Set Test Variable" owner="BuiltIn">
<msg time="2024-07-09T19:36:20.105294" level="INFO">${NewUser_CardCvv} = 737</msg>
<msg time="2024-07-09T19:36:20.105294" level="INFO">${NewUser_CardCvv} = None</msg>
<var>${NewUser_CardCvv}</var>
<arg>${NewUser_CardCvv}</arg>
<doc>Makes a variable available everywhere within the scope of the current test.</doc>
<status status="PASS" start="2024-07-09T19:36:20.103798" elapsed="0.001496"/>
</kw>
<kw name="Get Value From Json" owner="JSONLibrary">
<msg time="2024-07-09T19:36:20.128647" level="INFO">${GiftCard_Recipient_FirstName} = ['Gift First']</msg>
<var>${GiftCard_Recipient_FirstName}</var>
<arg>${file}</arg>
<arg>$.GiftCard_Recipient_FirstName</arg>
<doc>Get Value From JSON using JSONPath</doc>
<status status="PASS" start="2024-07-09T19:36:20.105294" elapsed="0.023353"/>
</kw>
<kw name="Convert To String" owner="BuiltIn">
<msg time="2024-07-09T19:36:20.129645" level="INFO">${GiftCard_Recipient_FirstName} = ['Gift First']</msg>
<var>${GiftCard_Recipient_FirstName}</var>
<arg>${GiftCard_Recipient_FirstName}</arg>
<doc>Converts the given item to a Unicode string.</doc>
<status status="PASS" start="2024-07-09T19:36:20.128647" elapsed="0.000998"/>
</kw>
<kw name="Get Clear DATA" owner="DataReader">
<kw name="Remove String" owner="String">
<msg time="2024-07-09T19:36:20.131643" level="INFO">${clean_data} = 'Gift First']</msg>
<var>${clean_data}</var>
<arg>${data}</arg>
<arg>[</arg>
<doc>Removes all ``removables`` from the given ``string``.</doc>
<status status="PASS" start="2024-07-09T19:36:20.130646" elapsed="0.000997"/>
</kw>
<kw name="Remove String" owner="String">
<msg time="2024-07-09T19:36:20.131643" level="INFO">${clean_data} = 'Gift First'</msg>
<var>${clean_data}</var>
<arg>${clean_data}</arg>
<arg>]</arg>
<doc>Removes all ``removables`` from the given ``string``.</doc>
<status status="PASS" start="2024-07-09T19:36:20.131643" elapsed="0.000000"/>
</kw>
<kw name="Remove String" owner="String">
<msg time="2024-07-09T19:36:20.132651" level="INFO">${clean_data} = Gift First</msg>
<var>${clean_data}</var>
<arg>${clean_data}</arg>
<arg>'</arg>
<doc>Removes all ``removables`` from the given ``string``.</doc>
<status status="PASS" start="2024-07-09T19:36:20.131643" elapsed="0.001008"/>
</kw>
<return>
<value>${clean_data}</value>
<status status="PASS" start="2024-07-09T19:36:20.132651" elapsed="0.000000"/>
</return>
<msg time="2024-07-09T19:36:20.132651" level="INFO">${GiftCard_Recipient_FirstName} = Gift First</msg>
<var>${GiftCard_Recipient_FirstName}</var>
<arg>${GiftCard_Recipient_FirstName}</arg>
<status status="PASS" start="2024-07-09T19:36:20.129645" elapsed="0.003006"/>
</kw>
<kw name="Set Test Variable" owner="BuiltIn">
<msg time="2024-07-09T19:36:20.133645" level="INFO">${GiftCard_Recipient_FirstName} = Gift First</msg>
<msg time="2024-07-09T19:36:20.133645" level="INFO">${GiftCard_Recipient_FirstName} = None</msg>
<var>${GiftCard_Recipient_FirstName}</var>
<arg>${GiftCard_Recipient_FirstName}</arg>
<doc>Makes a variable available everywhere within the scope of the current test.</doc>
<status status="PASS" start="2024-07-09T19:36:20.132651" elapsed="0.000994"/>
</kw>
<kw name="Get Value From Json" owner="JSONLibrary">
<msg time="2024-07-09T19:36:20.157096" level="INFO">${GiftCard_Recipient_LastName} = ['Gift Last']</msg>
<var>${GiftCard_Recipient_LastName}</var>
<arg>${file}</arg>
<arg>$.GiftCard_Recipient_LastName</arg>
<doc>Get Value From JSON using JSONPath</doc>
<status status="PASS" start="2024-07-09T19:36:20.133645" elapsed="0.023451"/>
</kw>
<kw name="Convert To String" owner="BuiltIn">
<msg time="2024-07-09T19:36:20.158096" level="INFO">${GiftCard_Recipient_LastName} = ['Gift Last']</msg>
<var>${GiftCard_Recipient_LastName}</var>
<arg>${GiftCard_Recipient_LastName}</arg>
<doc>Converts the given item to a Unicode string.</doc>
<status status="PASS" start="2024-07-09T19:36:20.157096" elapsed="0.001000"/>
</kw>
<kw name="Get Clear DATA" owner="DataReader">
<kw name="Remove String" owner="String">
<msg time="2024-07-09T19:36:20.161120" level="INFO">${clean_data} = 'Gift Last']</msg>
<var>${clean_data}</var>
<arg>${data}</arg>
<arg>[</arg>
<doc>Removes all ``removables`` from the given ``string``.</doc>
<status status="PASS" start="2024-07-09T19:36:20.160122" elapsed="0.000998"/>
</kw>
<kw name="Remove String" owner="String">
<msg time="2024-07-09T19:36:20.161120" level="INFO">${clean_data} = 'Gift Last'</msg>
<var>${clean_data}</var>
<arg>${clean_data}</arg>
<arg>]</arg>
<doc>Removes all ``removables`` from the given ``string``.</doc>
<status status="PASS" start="2024-07-09T19:36:20.161120" elapsed="0.000992"/>
</kw>
<kw name="Remove String" owner="String">
<msg time="2024-07-09T19:36:20.162112" level="INFO">${clean_data} = Gift Last</msg>
<var>${clean_data}</var>
<arg>${clean_data}</arg>
<arg>'</arg>
<doc>Removes all ``removables`` from the given ``string``.</doc>
<status status="PASS" start="2024-07-09T19:36:20.162112" elapsed="0.000000"/>
</kw>
<return>
<value>${clean_data}</value>
<status status="PASS" start="2024-07-09T19:36:20.162112" elapsed="0.000000"/>
</return>
<msg time="2024-07-09T19:36:20.163131" level="INFO">${GiftCard_Recipient_LastName} = Gift Last</msg>
<var>${GiftCard_Recipient_LastName}</var>
<arg>${GiftCard_Recipient_LastName}</arg>
<status status="PASS" start="2024-07-09T19:36:20.158096" elapsed="0.005035"/>
</kw>
<kw name="Set Test Variable" owner="BuiltIn">
<msg time="2024-07-09T19:36:20.163131" level="INFO">${GiftCard_Recipient_LastName} = Gift Last</msg>
<msg time="2024-07-09T19:36:20.163131" level="INFO">${GiftCard_Recipient_LastName} = None</msg>
<var>${GiftCard_Recipient_LastName}</var>
<arg>${GiftCard_Recipient_LastName}</arg>
<doc>Makes a variable available everywhere within the scope of the current test.</doc>
<status status="PASS" start="2024-07-09T19:36:20.163131" elapsed="0.000000"/>
</kw>
<kw name="Get Value From Json" owner="JSONLibrary">
<msg time="2024-07-09T19:36:20.184845" level="INFO">${GiftCard_Recipient_Email} = ['gift@mailsac.com']</msg>
<var>${GiftCard_Recipient_Email}</var>
<arg>${file}</arg>
<arg>$.GiftCard_Recipient_Email</arg>
<doc>Get Value From JSON using JSONPath</doc>
[...]
</kw>
<kw name="Click Element" owner="SeleniumLibrary">
<arg>xpath:(//div[@class='pdp-link'])[${nr}]</arg>
<doc>Click the element identified by ``locator``.</doc>
<status status="NOT RUN" start="2024-07-09T19:38:58.993409" elapsed="0.000000"/>
</kw>
<kw name="Wait Until Page Contains Element" owner="SeleniumLibrary">
<arg>xpath:(//span[contains(@class,'product-name')])[1]</arg>
<arg>20s</arg>
<arg>error=Product Page is not entirely loaded</arg>
<doc>Waits until the element ``locator`` appears on the current page.</doc>
<status status="NOT RUN" start="2024-07-09T19:38:58.993409" elapsed="0.000000"/>
</kw>
<arg>1</arg>
<status status="FAIL" start="2024-07-09T19:38:17.867142" elapsed="41.126267">Product Tile is not visible</status>
</kw>
<kw name="Select Size" owner="PDP">
<arg>${Delivery_productSize}</arg>
<status status="NOT RUN" start="2024-07-09T19:38:58.994411" elapsed="0.000000"/>
</kw>
<kw name="Capture item details from PDP" owner="PDP">
<status status="NOT RUN" start="2024-07-09T19:38:58.994411" elapsed="0.000000"/>
</kw>
<kw name="Click Add To Cart Button from PDP" owner="PDP">
<status status="NOT RUN" start="2024-07-09T19:38:58.995410" elapsed="0.000000"/>
</kw>
<kw name="Click on My Bag" owner="Cart">
<status status="NOT RUN" start="2024-07-09T19:38:58.995410" elapsed="0.000000"/>
</kw>
<kw name="Check shipping method group title in minicart" owner="MiniCart">
<arg>Delivery</arg>
<status status="NOT RUN" start="2024-07-09T19:38:58.996409" elapsed="0.000000"/>
</kw>
<kw name="Compare item details in minicart with PDP" owner="Cart">
<arg>${Delivery_productSize}</arg>
<status status="NOT RUN" start="2024-07-09T19:38:58.997175" elapsed="0.000000"/>
</kw>
<kw name="Click on View Bag from minicart" owner="Cart">
<status status="NOT RUN" start="2024-07-09T19:38:58.997175" elapsed="0.000000"/>
</kw>
<kw name="Check shipping method icon" owner="Cart">
<arg>Delivery</arg>
<status status="NOT RUN" start="2024-07-09T19:38:58.997175" elapsed="0.000000"/>
</kw>
<kw name="Compare item details in cart with minicart" owner="Cart">
<arg>delivery</arg>
<arg>${Delivery_productSize}</arg>
<status status="NOT RUN" start="2024-07-09T19:38:58.998183" elapsed="0.000000"/>
</kw>
<kw name="Verify order summary in correct in cart page" owner="Cart">
<status status="NOT RUN" start="2024-07-09T19:38:58.998183" elapsed="0.000000"/>
</kw>
<if>
<branch type="IF" condition="'${shopLocale}' in ['US']">
<kw name="Click on Checkout button from cart page" owner="Cart">
<status status="NOT RUN" start="2024-07-09T19:38:58.998183" elapsed="0.000000"/>
</kw>
<kw name="Click on Sign In button from Checkout" owner="Checkout">
<status status="NOT RUN" start="2024-07-09T19:38:58.999209" elapsed="0.000000"/>
</kw>
<kw name="Sign in during checkout" owner="Checkout">
<status status="NOT RUN" start="2024-07-09T19:38:58.999209" elapsed="0.000000"/>
</kw>
<kw name="Verify checkout page shipping information for logged in user" owner="Checkout">
<status status="NOT RUN" start="2024-07-09T19:38:58.999209" elapsed="0.000000"/>
</kw>
<kw name="Verify delivery details in checkout page" owner="Checkout">
<arg>Delivery</arg>
<status status="NOT RUN" start="2024-07-09T19:38:58.999209" elapsed="0.000000"/>
</kw>
<kw name="Check that the default delivery method is selected" owner="Shipping">
<arg>${Default_Delivery_Method}</arg>
<status status="NOT RUN" start="2024-07-09T19:38:58.999209" elapsed="0.000000"/>
</kw>
<kw name="Check delivery date and message for the shipping method" owner="Shipping">
<arg>${Default_Delivery_Method}</arg>
<status status="NOT RUN" start="2024-07-09T19:38:58.999209" elapsed="0.000000"/>
</kw>
<kw name="Verify shipping charge for selected delivery" owner="Shipping">
<arg>${Default_Delivery_Method}</arg>
<status status="NOT RUN" start="2024-07-09T19:38:58.999209" elapsed="0.000000"/>
</kw>
<kw name="Verify order summary in checkout page" owner="Checkout">
<arg>${Default_Delivery_Method}</arg>
<arg>${Delivery_productSize}</arg>
<status status="NOT RUN" start="2024-07-09T19:38:58.999209" elapsed="0.000000"/>
</kw>
<kw name="Check if complimentary links are displayed in checkout page" owner="Checkout">
<status status="NOT RUN" start="2024-07-09T19:38:59.000199" elapsed="0.000000"/>
</kw>
<kw name="Click on Continue To Payment button" owner="Shipping">
<status status="NOT RUN" start="2024-07-09T19:38:59.000199" elapsed="0.000000"/>
</kw>
<kw name="Click on Edit Shipping link from Payment step" owner="Payment">
<status status="NOT RUN" start="2024-07-09T19:38:59.000199" elapsed="0.000000"/>
</kw>
<kw name="Enter valid Shipping details" owner="Shipping">
<arg>${guest_valid}</arg>
<arg>${FIRST_NAME_EDITED}</arg>
<arg>${LAST_NAME_EDITED}</arg>
<arg>${NewUser_StreetAddress_EDITED}</arg>
<arg>${NewUser_Flat_EDITED}</arg>
<arg>${NewUser_City_EDITED}</arg>
<arg>${NewUser_State_EDITED}</arg>
<arg>${NewUser_Zipcode_EDITED}</arg>
<arg>${NewUser_Phone_EDITED}</arg>
<status status="NOT RUN" start="2024-07-09T19:38:59.000199" elapsed="0.000000"/>
</kw>
<kw name="Select Delivery" owner="Shipping">
<arg>2-day</arg>
<status status="NOT RUN" start="2024-07-09T19:38:59.000199" elapsed="0.000000"/>
</kw>
<kw name="Check delivery date and message for the shipping method" owner="Shipping">
<arg>2-day</arg>
<status status="NOT RUN" start="2024-07-09T19:38:59.000199" elapsed="0.000000"/>
</kw>
<kw name="Click on Continue To Payment button" owner="Shipping">
<status status="NOT RUN" start="2024-07-09T19:38:59.000199" elapsed="0.000000"/>
</kw>
<kw name="Select an Address from Address Suggestion modal" owner="Shipping">
<arg>entered</arg>
<status status="NOT RUN" start="2024-07-09T19:38:59.000199" elapsed="0.000000"/>
</kw>
<kw name="Verify payment page shipping information" owner="Payment">
<arg>${Default_Delivery_Method}</arg>
<status status="NOT RUN" start="2024-07-09T19:38:59.001198" elapsed="0.000000"/>
</kw>
<kw name="Verify payment section for logged in user" owner="Payment">
<status status="NOT RUN" start="2024-07-09T19:38:59.001198" elapsed="0.000000"/>
</kw>
<kw name="Verify whether credit card is preselected" owner="Payment">
<status status="NOT RUN" start="2024-07-09T19:38:59.001198" elapsed="0.000000"/>
</kw>
<kw name="Verify order summary in payment page" owner="Payment">
<arg>${Default_Delivery_Method}</arg>
<arg>${Delivery_productSize}</arg>
<status status="NOT RUN" start="2024-07-09T19:38:59.001198" elapsed="0.000000"/>
</kw>
<kw name="Enter cvv number" owner="Payment">
<arg>${NewUser_CardCvv}</arg>
<status status="NOT RUN" start="2024-07-09T19:38:59.001737" elapsed="0.000000"/>
</kw>
<kw name="Click on Place Order CTA for payment" owner="Payment">
<arg>cc</arg>
<status status="NOT RUN" start="2024-07-09T19:38:59.001737" elapsed="0.000000"/>
</kw>
<kw name="Order Confirmation page is displayed for registered user" owner="OrderConfirmation">
<status status="NOT RUN" start="2024-07-09T19:38:59.001737" elapsed="0.000000"/>
</kw>
<kw name="Verify shipping address in order confirmation page" owner="OrderConfirmation">
<arg>${FIRST_NAME_EDITED}</arg>
<arg>${LAST_NAME_EDITED}</arg>
<arg>${NewUser_StreetAddress_EDITED}</arg>
<arg>${NewUser_Flat_EDITED}</arg>
<arg>${NewUser_City_EDITED}</arg>
<arg>${NewUser_State_EDITED}</arg>
<arg>${NewUser_Zipcode_EDITED}</arg>
<arg>${NewUser_Phone_EDITED}</arg>
<status status="NOT RUN" start="2024-07-09T19:38:59.001737" elapsed="0.000000"/>
</kw>
<kw name="Verify billing address in order confirmation page" owner="OrderConfirmation">
<arg>${FIRST_NAME_EDITED}</arg>
<arg>${LAST_NAME_EDITED}</arg>
<arg>${NewUser_StreetAddress_EDITED}</arg>
<arg>${NewUser_Flat_EDITED}</arg>
<arg>${NewUser_City_EDITED}</arg>
<arg>${NewUser_State_EDITED}</arg>
<arg>${NewUser_Zipcode_EDITED}</arg>
<arg>${NewUser_Phone_EDITED}</arg>
<status status="NOT RUN" start="2024-07-09T19:38:59.001737" elapsed="0.000000"/>
</kw>
<kw name="Verify payment method CC in order confirmation page" owner="OrderConfirmation">
<arg>${FIRST_NAME} ${LAST_NAME}</arg>
<arg>${NewUser_CardType}</arg>
<arg>${NewUser_CardNumberMasked}</arg>
<arg>3/30</arg>
<status status="NOT RUN" start="2024-07-09T19:38:59.001737" elapsed="0.000000"/>
</kw>
<kw name="Verify order details section in confirmation page" owner="OrderConfirmation">
<arg>${Default_Delivery_Method}</arg>
<arg>${Delivery_productSize}</arg>
<status status="NOT RUN" start="2024-07-09T19:38:59.001737" elapsed="0.000000"/>
</kw>
<status status="NOT RUN" start="2024-07-09T19:38:58.998183" elapsed="0.003554"/>
</branch>
<branch type="ELSE IF" condition="'${shopLocale}' in ['CN']">
<kw name="Click on Checkout button from cart page" owner="Cart">
<status status="NOT RUN" start="2024-07-09T19:38:59.002764" elapsed="0.000000"/>
</kw>
<kw name="Click on Sign In button from Checkout" owner="Checkout">
<status status="NOT RUN" start="2024-07-09T19:38:59.002764" elapsed="0.000000"/>
</kw>
<kw name="Sign in during checkout" owner="Checkout">
<status status="NOT RUN" start="2024-07-09T19:38:59.002764" elapsed="0.000000"/>
</kw>
<kw name="Verify checkout page shipping information for logged in user" owner="Checkout">
<status status="NOT RUN" start="2024-07-09T19:38:59.002764" elapsed="0.000000"/>
</kw>
<kw name="Verify delivery details in checkout page" owner="Checkout">
<arg>Delivery</arg>
<status status="NOT RUN" start="2024-07-09T19:38:59.002764" elapsed="0.000000"/>
</kw>
<kw name="Check that the default delivery method is selected" owner="Shipping">
<arg>${Default_Delivery_Method}</arg>
<status status="NOT RUN" start="2024-07-09T19:38:59.002764" elapsed="0.000000"/>
</kw>
<kw name="Check delivery date and message for the shipping method" owner="Shipping">
<arg>${Default_Delivery_Method}</arg>
<status status="NOT RUN" start="2024-07-09T19:38:59.002764" elapsed="0.000000"/>
</kw>
<kw name="Verify shipping charge for selected delivery" owner="Shipping">
<arg>${Default_Delivery_Method}</arg>
<status status="NOT RUN" start="2024-07-09T19:38:59.002764" elapsed="0.000000"/>
</kw>
<kw name="Verify order summary in checkout page" owner="Checkout">
<arg>${Default_Delivery_Method}</arg>
<arg>${Delivery_productSize}</arg>
<status status="NOT RUN" start="2024-07-09T19:38:59.002764" elapsed="0.000000"/>
</kw>
<kw name="Check if complimentary links are displayed in checkout page" owner="Checkout">
<status status="NOT RUN" start="2024-07-09T19:38:59.003763" elapsed="0.000000"/>
</kw>
<kw name="Click on Continue To Payment button" owner="Shipping">
<status status="NOT RUN" start="2024-07-09T19:38:59.003763" elapsed="0.000000"/>
</kw>
<kw name="Click on Edit Shipping link from Payment step" owner="Payment">
<status status="NOT RUN" start="2024-07-09T19:38:59.003763" elapsed="0.000000"/>
</kw>
<kw name="Enter valid Shipping details" owner="Shipping">
<arg>${guest_valid}</arg>
<arg>${FIRST_NAME_EDITED}</arg>
<arg>${LAST_NAME_EDITED}</arg>
<arg>${NewUser_StreetAddress_EDITED}</arg>
<arg>${NewUser_Flat_EDITED}</arg>
<arg>${NewUser_City_EDITED}</arg>
<arg>${NewUser_State_EDITED}</arg>
<arg>${NewUser_Zipcode_EDITED}</arg>
<arg>${NewUser_Phone_EDITED}</arg>
<status status="NOT RUN" start="2024-07-09T19:38:59.003763" elapsed="0.000000"/>
</kw>
<kw name="Select Delivery" owner="Shipping">
<arg>3 to 5 days</arg>
<status status="NOT RUN" start="2024-07-09T19:38:59.003763" elapsed="0.000000"/>
</kw>
<kw name="Check delivery date and message for the shipping method" owner="Shipping">
<arg>3 to 5 days</arg>
<status status="NOT RUN" start="2024-07-09T19:38:59.003763" elapsed="0.000000"/>
</kw>
<kw name="Click on Continue To Payment button" owner="Shipping">
<status status="NOT RUN" start="2024-07-09T19:38:59.003763" elapsed="0.000000"/>
</kw>
<kw name="Select an Address from Address Suggestion modal" owner="Shipping">
<arg>entered</arg>
<status status="NOT RUN" start="2024-07-09T19:38:59.003763" elapsed="0.000000"/>
</kw>
<kw name="Verify payment page shipping information" owner="Payment">
<arg>${Default_Delivery_Method}</arg>
<status status="NOT RUN" start="2024-07-09T19:38:59.004763" elapsed="0.000000"/>
</kw>
<kw name="Verify payment section for logged in user" owner="Payment">
<status status="NOT RUN" start="2024-07-09T19:38:59.004763" elapsed="0.000000"/>
</kw>
<kw name="Verify whether credit card is preselected" owner="Payment">
<status status="NOT RUN" start="2024-07-09T19:38:59.004763" elapsed="0.000000"/>
</kw>
<kw name="Verify order summary in payment page" owner="Payment">
<arg>${Default_Delivery_Method}</arg>
<arg>${Delivery_productSize}</arg>
<status status="NOT RUN" start="2024-07-09T19:38:59.004763" elapsed="0.000000"/>
</kw>
<kw name="Enter cvv number" owner="Payment">
<arg>${NewUser_CardCvv}</arg>
<status status="NOT RUN" start="2024-07-09T19:38:59.004763" elapsed="0.000000"/>
</kw>
<kw name="Click on Place Order CTA for payment" owner="Payment">
<arg>cc</arg>
<status status="NOT RUN" start="2024-07-09T19:38:59.004763" elapsed="0.000000"/>
</kw>
<kw name="Order Confirmation page is displayed for registered user" owner="OrderConfirmation">
<status status="NOT RUN" start="2024-07-09T19:38:59.004763" elapsed="0.000000"/>
</kw>
<kw name="Verify shipping address in order confirmation page" owner="OrderConfirmation">
<arg>${FIRST_NAME_EDITED}</arg>
<arg>${LAST_NAME_EDITED}</arg>
<arg>${NewUser_StreetAddress_EDITED}</arg>
<arg>${NewUser_Flat_EDITED}</arg>
<arg>${NewUser_City_EDITED}</arg>
<arg>${NewUser_State_EDITED}</arg>
<arg>${NewUser_Zipcode_EDITED}</arg>
<arg>${NewUser_Phone_EDITED}</arg>
<status status="NOT RUN" start="2024-07-09T19:38:59.004763" elapsed="0.000000"/>
</kw>
<kw name="Verify billing address in order confirmation page" owner="OrderConfirmation">
<arg>${FIRST_NAME_EDITED}</arg>
<arg>${LAST_NAME_EDITED}</arg>
<arg>${NewUser_StreetAddress_EDITED}</arg>
<arg>${NewUser_Flat_EDITED}</arg>
<arg>${NewUser_City_EDITED}</arg>
<arg>${NewUser_State_EDITED}</arg>
<arg>${NewUser_Zipcode_EDITED}</arg>
<arg>${NewUser_Phone_EDITED}</arg>
<status status="NOT RUN" start="2024-07-09T19:38:59.005765" elapsed="0.000000"/>
</kw>
<kw name="Verify payment method CC in order confirmation page" owner="OrderConfirmation">
<arg>${FIRST_NAME} ${LAST_NAME}</arg>
<arg>${NewUser_CardType}</arg>
<arg>${NewUser_CardNumberMasked}</arg>
<arg>3/30</arg>
<status status="NOT RUN" start="2024-07-09T19:38:59.005765" elapsed="0.000000"/>
</kw>
<kw name="Verify order details section in confirmation page" owner="OrderConfirmation">
<arg>${Default_Delivery_Method}</arg>
<arg>${Delivery_productSize}</arg>
<status status="NOT RUN" start="2024-07-09T19:38:59.005765" elapsed="0.000000"/>
</kw>
<status status="NOT RUN" start="2024-07-09T19:38:59.001737" elapsed="0.004028"/>
</branch>
<branch type="ELSE">
<kw name="Click on Checkout button from Cart page for EU" owner="Cart">
<status status="NOT RUN" start="2024-07-09T19:38:59.005765" elapsed="0.000000"/>
</kw>
<kw name="Fill in Login Form" owner="Login">
<arg>${guest_valid}</arg>
<arg>${NewUser_Pwd}</arg>
<status status="NOT RUN" start="2024-07-09T19:38:59.005765" elapsed="0.000000"/>
</kw>
<kw name="Click on Login button" owner="Login">
<status status="NOT RUN" start="2024-07-09T19:38:59.005765" elapsed="0.000000"/>
</kw>
<kw name="Verify order summary data in payment page for EU" owner="Payment">
<arg>${Delivery_productSize}</arg>
<status status="NOT RUN" start="2024-07-09T19:38:59.005765" elapsed="0.000000"/>
</kw>
<kw name="Verify billing details in payment page for EU" owner="Payment">
<arg>${FIRST_NAME} ${LAST_NAME}</arg>
<arg>${NewUser_StreetAddress}</arg>
<arg>${NewUser_Flat}</arg>
<arg>${NewUser_City}</arg>
<arg>${NewUser_Zipcode}</arg>
<arg>${NewUser_Phone}</arg>
<status status="NOT RUN" start="2024-07-09T19:38:59.005765" elapsed="0.000000"/>
</kw>
<kw name="Verify delivery details in payment page for EU" owner="Payment">
<status status="NOT RUN" start="2024-07-09T19:38:59.006764" elapsed="0.000000"/>
</kw>
<kw name="Verify shipping details in payment page for EU" owner="Payment">
<status status="NOT RUN" start="2024-07-09T19:38:59.006764" elapsed="0.000000"/>
</kw>
<kw name="Verify billing summary in payment page for EU" owner="Payment">
<status status="NOT RUN" start="2024-07-09T19:38:59.006764" elapsed="0.000000"/>
</kw>
<kw name="Enter payment details for EU" owner="Payment">
<arg>${NewUser_CardNumber}</arg>
<arg>${NewUser_CardCvv}</arg>
<status status="NOT RUN" start="2024-07-09T19:38:59.006764" elapsed="0.000000"/>
</kw>
<kw name="Click on Place Order CTA for payment for EU" owner="Payment">
<arg>cc</arg>
<status status="NOT RUN" start="2024-07-09T19:38:59.006764" elapsed="0.000000"/>
</kw>
<kw name="Order Confirmation page is displayed for registered user in EU" owner="OrderConfirmation">
<status status="NOT RUN" start="2024-07-09T19:38:59.006764" elapsed="0.000000"/>
</kw>
<kw name="Verify billing address in order confirmation page for EU" owner="OrderConfirmation">
<arg>${FIRST_NAME} ${LAST_NAME}</arg>
<arg>${NewUser_StreetAddress}</arg>
<arg>${NewUser_Flat}</arg>
<arg>${NewUser_City}</arg>
<arg>${NewUser_Zipcode}</arg>
<arg>${NewUser_Phone}</arg>
<status status="NOT RUN" start="2024-07-09T19:38:59.006764" elapsed="0.000000"/>
</kw>
<kw name="Verify shipping address in order confirmation page for EU" owner="OrderConfirmation">
<arg>${FIRST_NAME} ${LAST_NAME}</arg>
<arg>${NewUser_StreetAddress}</arg>
<arg>${NewUser_Flat}</arg>
<arg>${NewUser_City}</arg>
<arg>${NewUser_Zipcode}</arg>
<arg>${NewUser_Phone}</arg>
<status status="NOT RUN" start="2024-07-09T19:38:59.007764" elapsed="0.000000"/>
</kw>
<kw name="Verify payment method in order confirmation page for EU" owner="OrderConfirmation">
<arg>Visa</arg>
<status status="NOT RUN" start="2024-07-09T19:38:59.007764" elapsed="0.000000"/>
</kw>
<kw name="Verify billing summary in order confirmation page for EU" owner="OrderConfirmation">
<status status="NOT RUN" start="2024-07-09T19:38:59.007764" elapsed="0.000000"/>
</kw>
<kw name="Verify order summary data in order confirmation page for EU" owner="OrderConfirmation">
<arg>${Delivery_productSize}</arg>
<status status="NOT RUN" start="2024-07-09T19:38:59.007764" elapsed="0.000000"/>
</kw>
<status status="NOT RUN" start="2024-07-09T19:38:59.005765" elapsed="0.001999"/>
</branch>
<status status="NOT RUN" start="2024-07-09T19:38:58.998183" elapsed="0.009581"/>
</if>
<kw name="Go to home page" owner="CommonWeb">
<status status="NOT RUN" start="2024-07-09T19:38:59.008673" elapsed="0.000000"/>
</kw>
<kw name="Go to Accounts" owner="CommonWeb">
<arg>Orders &amp; Returns</arg>
<status status="NOT RUN" start="2024-07-09T19:38:59.008673" elapsed="0.000000"/>
</kw>
<kw name="Check that the last order id is present in Order History" owner="OrderConfirmation">
<status status="NOT RUN" start="2024-07-09T19:38:59.008673" elapsed="0.000000"/>
</kw>
<kw name="Run Keywords" owner="BuiltIn" type="TEARDOWN">
<kw name="Close All Browsers" owner="SeleniumLibrary">
<doc>Closes all open browsers and resets the browser cache.</doc>
<status status="PASS" start="2024-07-09T19:38:59.009680" elapsed="2.423323"/>
</kw>
<arg>Close All Browsers</arg>
<doc>Executes all the given keywords in a sequence.</doc>
<status status="PASS" start="2024-07-09T19:38:59.009680" elapsed="2.423323"/>
</kw>
<tag>automation</tag>
<tag>checkout1</tag>
<tag>Regression</tag>
<status status="FAIL" start="2024-07-09T19:35:55.692537" elapsed="185.741231">Product Tile is not visible</status>
</test>
<status status="FAIL" start="2024-07-09T19:35:55.116012" elapsed="186.318750"/>
</suite>
<status status="FAIL" start="2024-07-09T19:35:55.085376" elapsed="186.350385"/>
</suite>
<statistics>
<total>
<stat pass="0" fail="1" skip="0">All Tests</stat>
</total>
<tag>
<stat pass="0" fail="1" skip="0">automation</stat>
<stat pass="0" fail="1" skip="0">checkout1</stat>
<stat pass="0" fail="1" skip="0">Regression</stat>
</tag>
<suite>
<stat pass="0" fail="1" skip="0" id="s1" name="Features">Features</stat>
<stat pass="0" fail="1" skip="0" id="s1-s1" name="09 Checkout-SignedIn">Features.09 Checkout-SignedIn</stat>
</suite>
</statistics>
<errors>
</errors>
</robot>
